{"/home/travis/build/npmtest/node-npmtest-art/test.js":{"path":"/home/travis/build/npmtest/node-npmtest-art/test.js","s":{"1":2,"2":2,"3":2,"4":2,"5":2,"6":2,"7":2,"8":1,"9":2,"10":2,"11":1,"12":1,"13":1,"14":1,"15":2,"16":2,"17":2,"18":2,"19":1,"20":1,"21":2,"22":2,"23":2,"24":1,"25":1,"26":1,"27":1,"28":1,"29":1,"30":1,"31":1,"32":1,"33":1,"34":1,"35":1,"36":1,"37":1,"38":1,"39":2,"40":2,"41":1,"42":2,"43":2,"44":1,"45":2,"46":2,"47":1,"48":2,"49":2,"50":1,"51":1,"52":1,"53":1,"54":1},"b":{"1":[2,1,1,1],"2":[1,1,1,1],"3":[1,1],"4":[1,1],"5":[1,1],"6":[1,1],"7":[1,1],"8":[1,1],"9":[1,1],"10":[1,1,1],"11":[1,1],"12":[1,1],"13":[1,1],"14":[1,1],"15":[1,1],"16":[1,1],"17":[1,1]},"f":{"1":2,"2":2,"3":2,"4":2,"5":2,"6":1,"7":1,"8":1,"9":2,"10":2,"11":2,"12":2,"13":1},"fnMap":{"1":{"name":"(anonymous_1)","line":12,"loc":{"start":{"line":12,"column":1},"end":{"line":12,"column":13}}},"2":{"name":"(anonymous_2)","line":19,"loc":{"start":{"line":19,"column":5},"end":{"line":19,"column":17}}},"3":{"name":"(anonymous_3)","line":23,"loc":{"start":{"line":23,"column":24},"end":{"line":23,"column":36}}},"4":{"name":"(anonymous_4)","line":61,"loc":{"start":{"line":61,"column":5},"end":{"line":61,"column":17}}},"5":{"name":"(anonymous_5)","line":82,"loc":{"start":{"line":82,"column":5},"end":{"line":82,"column":17}}},"6":{"name":"(anonymous_6)","line":91,"loc":{"start":{"line":91,"column":77},"end":{"line":94,"column":10}}},"7":{"name":"(anonymous_7)","line":112,"loc":{"start":{"line":112,"column":83},"end":{"line":115,"column":10}},"skip":true},"8":{"name":"(anonymous_8)","line":123,"loc":{"start":{"line":123,"column":77},"end":{"line":126,"column":10}},"skip":true},"9":{"name":"(anonymous_9)","line":139,"loc":{"start":{"line":139,"column":12},"end":{"line":139,"column":40}},"skip":true},"10":{"name":"(anonymous_10)","line":147,"loc":{"start":{"line":147,"column":77},"end":{"line":150,"column":10}},"skip":true},"11":{"name":"(anonymous_11)","line":158,"loc":{"start":{"line":158,"column":83},"end":{"line":161,"column":10}},"skip":true},"12":{"name":"(anonymous_12)","line":169,"loc":{"start":{"line":169,"column":79},"end":{"line":172,"column":10}},"skip":true},"13":{"name":"(anonymous_13)","line":180,"loc":{"start":{"line":180,"column":75},"end":{"line":183,"column":10}},"skip":true}},"statementMap":{"1":{"start":{"line":12,"column":0},"end":{"line":195,"column":5}},"2":{"start":{"line":14,"column":4},"end":{"line":14,"column":14}},"3":{"start":{"line":19,"column":4},"end":{"line":56,"column":9}},"4":{"start":{"line":21,"column":8},"end":{"line":21,"column":19}},"5":{"start":{"line":23,"column":8},"end":{"line":35,"column":13}},"6":{"start":{"line":24,"column":12},"end":{"line":34,"column":13}},"7":{"start":{"line":25,"column":16},"end":{"line":28,"column":30}},"8":{"start":{"line":30,"column":16},"end":{"line":33,"column":27}},"9":{"start":{"line":37,"column":8},"end":{"line":39,"column":21}},"10":{"start":{"line":40,"column":8},"end":{"line":53,"column":9}},"11":{"start":{"line":43,"column":12},"end":{"line":46,"column":14}},"12":{"start":{"line":47,"column":12},"end":{"line":47,"column":18}},"13":{"start":{"line":50,"column":12},"end":{"line":51,"column":46}},"14":{"start":{"line":52,"column":12},"end":{"line":52,"column":18}},"15":{"start":{"line":55,"column":8},"end":{"line":55,"column":35}},"16":{"start":{"line":61,"column":4},"end":{"line":63,"column":9}},"17":{"start":{"line":62,"column":8},"end":{"line":62,"column":15}},"18":{"start":{"line":64,"column":4},"end":{"line":77,"column":5}},"19":{"start":{"line":70,"column":8},"end":{"line":70,"column":14}},"20":{"start":{"line":76,"column":8},"end":{"line":76,"column":14}},"21":{"start":{"line":82,"column":4},"end":{"line":84,"column":9}},"22":{"start":{"line":83,"column":8},"end":{"line":83,"column":15}},"23":{"start":{"line":85,"column":4},"end":{"line":194,"column":5}},"24":{"start":{"line":91,"column":8},"end":{"line":99,"column":10}},"25":{"start":{"line":98,"column":12},"end":{"line":98,"column":35}},"26":{"start":{"line":102,"column":8},"end":{"line":104,"column":63}},"27":{"start":{"line":105,"column":8},"end":{"line":105,"column":14}},"28":{"start":{"line":112,"column":8},"end":{"line":121,"column":10},"skip":true},"29":{"start":{"line":119,"column":12},"end":{"line":119,"column":55},"skip":true},"30":{"start":{"line":120,"column":12},"end":{"line":120,"column":48},"skip":true},"31":{"start":{"line":123,"column":8},"end":{"line":136,"column":10},"skip":true},"32":{"start":{"line":130,"column":12},"end":{"line":130,"column":76},"skip":true},"33":{"start":{"line":131,"column":12},"end":{"line":131,"column":73},"skip":true},"34":{"start":{"line":132,"column":12},"end":{"line":132,"column":74},"skip":true},"35":{"start":{"line":133,"column":12},"end":{"line":133,"column":79},"skip":true},"36":{"start":{"line":134,"column":12},"end":{"line":134,"column":25},"skip":true},"37":{"start":{"line":135,"column":12},"end":{"line":135,"column":45},"skip":true},"38":{"start":{"line":138,"column":8},"end":{"line":145,"column":14},"skip":true},"39":{"start":{"line":143,"column":16},"end":{"line":143,"column":29},"skip":true},"40":{"start":{"line":144,"column":16},"end":{"line":144,"column":55},"skip":true},"41":{"start":{"line":147,"column":8},"end":{"line":156,"column":10},"skip":true},"42":{"start":{"line":154,"column":12},"end":{"line":154,"column":25},"skip":true},"43":{"start":{"line":155,"column":12},"end":{"line":155,"column":45},"skip":true},"44":{"start":{"line":158,"column":8},"end":{"line":167,"column":10},"skip":true},"45":{"start":{"line":165,"column":12},"end":{"line":165,"column":25},"skip":true},"46":{"start":{"line":166,"column":12},"end":{"line":166,"column":48},"skip":true},"47":{"start":{"line":169,"column":8},"end":{"line":178,"column":10},"skip":true},"48":{"start":{"line":176,"column":12},"end":{"line":176,"column":25},"skip":true},"49":{"start":{"line":177,"column":12},"end":{"line":177,"column":46},"skip":true},"50":{"start":{"line":180,"column":8},"end":{"line":189,"column":10},"skip":true},"51":{"start":{"line":187,"column":12},"end":{"line":187,"column":94},"skip":true},"52":{"start":{"line":188,"column":12},"end":{"line":188,"column":48},"skip":true},"53":{"start":{"line":192,"column":8},"end":{"line":192,"column":35},"skip":true},"54":{"start":{"line":193,"column":8},"end":{"line":193,"column":14},"skip":true}},"branchMap":{"1":{"line":25,"type":"binary-expr","locations":[{"start":{"line":25,"column":23},"end":{"line":25,"column":62}},{"start":{"line":26,"column":20},"end":{"line":26,"column":70}},{"start":{"line":27,"column":20},"end":{"line":27,"column":71}},{"start":{"line":28,"column":20},"end":{"line":28,"column":29}}]},"2":{"line":30,"type":"binary-expr","locations":[{"start":{"line":30,"column":23},"end":{"line":30,"column":37}},{"start":{"line":31,"column":20},"end":{"line":31,"column":61}},{"start":{"line":32,"column":20},"end":{"line":32,"column":70}},{"start":{"line":33,"column":20},"end":{"line":33,"column":26}}]},"3":{"line":37,"type":"cond-expr","locations":[{"start":{"line":38,"column":14},"end":{"line":38,"column":20}},{"start":{"line":39,"column":14},"end":{"line":39,"column":20}}]},"4":{"line":40,"type":"switch","locations":[{"start":{"line":42,"column":8},"end":{"line":47,"column":18}},{"start":{"line":49,"column":8},"end":{"line":52,"column":18}}]},"5":{"line":44,"type":"binary-expr","locations":[{"start":{"line":44,"column":16},"end":{"line":44,"column":44}},{"start":{"line":44,"column":48},"end":{"line":44,"column":66}}]},"6":{"line":50,"type":"binary-expr","locations":[{"start":{"line":50,"column":21},"end":{"line":50,"column":49}},{"start":{"line":50,"column":53},"end":{"line":50,"column":72}}]},"7":{"line":64,"type":"switch","locations":[{"start":{"line":69,"column":4},"end":{"line":70,"column":14}},{"start":{"line":75,"column":4},"end":{"line":76,"column":14}}]},"8":{"line":85,"type":"switch","locations":[{"start":{"line":90,"column":4},"end":{"line":105,"column":14}},{"start":{"line":111,"column":4},"end":{"line":193,"column":14},"skip":true}]},"9":{"line":91,"type":"binary-expr","locations":[{"start":{"line":91,"column":42},"end":{"line":91,"column":73}},{"start":{"line":91,"column":77},"end":{"line":99,"column":9}}]},"10":{"line":102,"type":"binary-expr","locations":[{"start":{"line":102,"column":18},"end":{"line":102,"column":32}},{"start":{"line":103,"column":12},"end":{"line":103,"column":53}},{"start":{"line":104,"column":12},"end":{"line":104,"column":61}}]},"11":{"line":112,"type":"binary-expr","locations":[{"start":{"line":112,"column":45},"end":{"line":112,"column":79},"skip":true},{"start":{"line":112,"column":83},"end":{"line":121,"column":9},"skip":true}]},"12":{"line":123,"type":"binary-expr","locations":[{"start":{"line":123,"column":42},"end":{"line":123,"column":73},"skip":true},{"start":{"line":123,"column":77},"end":{"line":136,"column":9},"skip":true}]},"13":{"line":138,"type":"binary-expr","locations":[{"start":{"line":138,"column":48},"end":{"line":138,"column":85},"skip":true},{"start":{"line":139,"column":12},"end":{"line":145,"column":13},"skip":true}]},"14":{"line":147,"type":"binary-expr","locations":[{"start":{"line":147,"column":42},"end":{"line":147,"column":73},"skip":true},{"start":{"line":147,"column":77},"end":{"line":156,"column":9},"skip":true}]},"15":{"line":158,"type":"binary-expr","locations":[{"start":{"line":158,"column":45},"end":{"line":158,"column":79},"skip":true},{"start":{"line":158,"column":83},"end":{"line":167,"column":9},"skip":true}]},"16":{"line":169,"type":"binary-expr","locations":[{"start":{"line":169,"column":43},"end":{"line":169,"column":75},"skip":true},{"start":{"line":169,"column":79},"end":{"line":178,"column":9},"skip":true}]},"17":{"line":180,"type":"binary-expr","locations":[{"start":{"line":180,"column":41},"end":{"line":180,"column":71},"skip":true},{"start":{"line":180,"column":75},"end":{"line":189,"column":9},"skip":true}]}},"code":["/* istanbul instrument in package npmtest_art */","/*jslint","    bitwise: true,","    browser: true,","    maxerr: 8,","    maxlen: 96,","    node: true,","    nomen: true,","    regexp: true,","    stupid: true","*/","(function () {","    'use strict';","    var local;","","","","    // run shared js-env code - pre-init","    (function () {","        // init local","        local = {};","        // init modeJs","        local.modeJs = (function () {","            try {","                return typeof navigator.userAgent === 'string' &&","                    typeof document.querySelector('body') === 'object' &&","                    typeof XMLHttpRequest.prototype.open === 'function' &&","                    'browser';","            } catch (errorCaughtBrowser) {","                return module.exports &&","                    typeof process.versions.node === 'string' &&","                    typeof require('http').createServer === 'function' &&","                    'node';","            }","        }());","        // init global","        local.global = local.modeJs === 'browser'","            ? window","            : global;","        switch (local.modeJs) {","        // re-init local from window.local","        case 'browser':","            local = local.global.utility2.objectSetDefault(","                local.global.utility2_rollup || local.global.local,","                local.global.utility2","            );","            break;","        // re-init local from example.js","        case 'node':","            local = (local.global.utility2_rollup || require('utility2'))","                .requireExampleJsFromReadme();","            break;","        }","        // export local","        local.global.local = local;","    }());","","","","    // run shared js-env code - function","    (function () {","        return;","    }());","    switch (local.modeJs) {","","","","    // run browser js-env code - function","    case 'browser':","        break;","","","","    // run node js-env code - function","    case 'node':","        break;","    }","","","","    // run shared js-env code - post-init","    (function () {","        return;","    }());","    switch (local.modeJs) {","","","","    // run browser js-env code - post-init","    case 'browser':","        local.testCase_browser_nullCase = local.testCase_browser_nullCase || function (","            options,","            onError","        ) {","        /*","         * this function will test browsers's null-case handling-behavior-behavior","         */","            onError(null, options);","        };","","        // run tests","        local.nop(local.modeTest &&","            document.querySelector('#testRunButton1') &&","            document.querySelector('#testRunButton1').click());","        break;","","","","    // run node js-env code - post-init","    /* istanbul ignore next */","    case 'node':","        local.testCase_buildApidoc_default = local.testCase_buildApidoc_default || function (","            options,","            onError","        ) {","        /*","         * this function will test buildApidoc's default handling-behavior-behavior","         */","            options = { modulePathList: module.paths };","            local.buildApidoc(options, onError);","        };","","        local.testCase_buildApp_default = local.testCase_buildApp_default || function (","            options,","            onError","        ) {","        /*","         * this function will test buildApp's default handling-behavior-behavior","         */","            local.testCase_buildReadme_default(options, local.onErrorThrow);","            local.testCase_buildLib_default(options, local.onErrorThrow);","            local.testCase_buildTest_default(options, local.onErrorThrow);","            local.testCase_buildCustomOrg_default(options, local.onErrorThrow);","            options = [];","            local.buildApp(options, onError);","        };","","        local.testCase_buildCustomOrg_default = local.testCase_buildCustomOrg_default ||","            function (options, onError) {","            /*","             * this function will test buildCustomOrg's default handling-behavior","             */","                options = {};","                local.buildCustomOrg(options, onError);","            };","","        local.testCase_buildLib_default = local.testCase_buildLib_default || function (","            options,","            onError","        ) {","        /*","         * this function will test buildLib's default handling-behavior","         */","            options = {};","            local.buildLib(options, onError);","        };","","        local.testCase_buildReadme_default = local.testCase_buildReadme_default || function (","            options,","            onError","        ) {","        /*","         * this function will test buildReadme's default handling-behavior-behavior","         */","            options = {};","            local.buildReadme(options, onError);","        };","","        local.testCase_buildTest_default = local.testCase_buildTest_default || function (","            options,","            onError","        ) {","        /*","         * this function will test buildTest's default handling-behavior","         */","            options = {};","            local.buildTest(options, onError);","        };","","        local.testCase_webpage_default = local.testCase_webpage_default || function (","            options,","            onError","        ) {","        /*","         * this function will test webpage's default handling-behavior","         */","            options = { modeCoverageMerge: true, url: local.serverLocalHost + '?modeTest=1' };","            local.browserTest(options, onError);","        };","","        // run test-server","        local.testRunServer(local);","        break;","    }","}());",""],"l":{"12":2,"14":2,"19":2,"21":2,"23":2,"24":2,"25":2,"30":1,"37":2,"40":2,"43":1,"47":1,"50":1,"52":1,"55":2,"61":2,"62":2,"64":2,"70":1,"76":1,"82":2,"83":2,"85":2,"91":1,"98":1,"102":1,"105":1,"112":1,"119":1,"120":1,"123":1,"130":1,"131":1,"132":1,"133":1,"134":1,"135":1,"138":1,"143":2,"144":2,"147":1,"154":2,"155":2,"158":1,"165":2,"166":2,"169":1,"176":2,"177":2,"180":1,"187":1,"188":1,"192":1,"193":1}},"/home/travis/build/npmtest/node-npmtest-art/lib.npmtest_art.js":{"path":"/home/travis/build/npmtest/node-npmtest-art/lib.npmtest_art.js","s":{"1":2,"2":2,"3":2,"4":2,"5":2,"6":2,"7":2,"8":1,"9":2,"10":2,"11":2,"12":2,"13":1,"14":1,"15":1,"16":1},"b":{"1":[2,1,1,1],"2":[1,1,1,1],"3":[1,1],"4":[2,2],"5":[1,1]},"f":{"1":2,"2":2,"3":2},"fnMap":{"1":{"name":"(anonymous_1)","line":12,"loc":{"start":{"line":12,"column":1},"end":{"line":12,"column":13}}},"2":{"name":"(anonymous_2)","line":19,"loc":{"start":{"line":19,"column":5},"end":{"line":19,"column":17}}},"3":{"name":"(anonymous_3)","line":23,"loc":{"start":{"line":23,"column":24},"end":{"line":23,"column":36}}}},"statementMap":{"1":{"start":{"line":12,"column":0},"end":{"line":53,"column":5}},"2":{"start":{"line":14,"column":4},"end":{"line":14,"column":14}},"3":{"start":{"line":19,"column":4},"end":{"line":52,"column":9}},"4":{"start":{"line":21,"column":8},"end":{"line":21,"column":19}},"5":{"start":{"line":23,"column":8},"end":{"line":35,"column":13}},"6":{"start":{"line":24,"column":12},"end":{"line":34,"column":13}},"7":{"start":{"line":25,"column":16},"end":{"line":28,"column":30}},"8":{"start":{"line":30,"column":16},"end":{"line":33,"column":27}},"9":{"start":{"line":37,"column":8},"end":{"line":39,"column":21}},"10":{"start":{"line":41,"column":8},"end":{"line":41,"column":54}},"11":{"start":{"line":43,"column":8},"end":{"line":43,"column":48}},"12":{"start":{"line":45,"column":8},"end":{"line":51,"column":9}},"13":{"start":{"line":46,"column":12},"end":{"line":46,"column":54}},"14":{"start":{"line":48,"column":12},"end":{"line":48,"column":35}},"15":{"start":{"line":49,"column":12},"end":{"line":49,"column":49}},"16":{"start":{"line":50,"column":12},"end":{"line":50,"column":43}}},"branchMap":{"1":{"line":25,"type":"binary-expr","locations":[{"start":{"line":25,"column":23},"end":{"line":25,"column":62}},{"start":{"line":26,"column":20},"end":{"line":26,"column":70}},{"start":{"line":27,"column":20},"end":{"line":27,"column":71}},{"start":{"line":28,"column":20},"end":{"line":28,"column":29}}]},"2":{"line":30,"type":"binary-expr","locations":[{"start":{"line":30,"column":23},"end":{"line":30,"column":37}},{"start":{"line":31,"column":20},"end":{"line":31,"column":61}},{"start":{"line":32,"column":20},"end":{"line":32,"column":70}},{"start":{"line":33,"column":20},"end":{"line":33,"column":26}}]},"3":{"line":37,"type":"cond-expr","locations":[{"start":{"line":38,"column":14},"end":{"line":38,"column":20}},{"start":{"line":39,"column":14},"end":{"line":39,"column":20}}]},"4":{"line":41,"type":"binary-expr","locations":[{"start":{"line":41,"column":16},"end":{"line":41,"column":44}},{"start":{"line":41,"column":48},"end":{"line":41,"column":53}}]},"5":{"line":45,"type":"if","locations":[{"start":{"line":45,"column":8},"end":{"line":45,"column":8}},{"start":{"line":45,"column":8},"end":{"line":45,"column":8}}]}},"code":["/* istanbul instrument in package npmtest_art */","/*jslint","    bitwise: true,","    browser: true,","    maxerr: 8,","    maxlen: 96,","    node: true,","    nomen: true,","    regexp: true,","    stupid: true","*/","(function () {","    'use strict';","    var local;","","","","    // run shared js-env code - pre-init","    (function () {","        // init local","        local = {};","        // init modeJs","        local.modeJs = (function () {","            try {","                return typeof navigator.userAgent === 'string' &&","                    typeof document.querySelector('body') === 'object' &&","                    typeof XMLHttpRequest.prototype.open === 'function' &&","                    'browser';","            } catch (errorCaughtBrowser) {","                return module.exports &&","                    typeof process.versions.node === 'string' &&","                    typeof require('http').createServer === 'function' &&","                    'node';","            }","        }());","        // init global","        local.global = local.modeJs === 'browser'","            ? window","            : global;","        // init utility2_rollup","        local = local.global.utility2_rollup || local;","        // init lib","        local.local = local.npmtest_art = local;","        // init exports","        if (local.modeJs === 'browser') {","            local.global.utility2_npmtest_art = local;","        } else {","            module.exports = local;","            module.exports.__dirname = __dirname;","            module.exports.module = module;","        }","    }());","}());",""],"l":{"12":2,"14":2,"19":2,"21":2,"23":2,"24":2,"25":2,"30":1,"37":2,"41":2,"43":2,"45":2,"46":1,"48":1,"49":1,"50":1}},"/home/travis/build/npmtest/node-npmtest-art/example.js":{"path":"/home/travis/build/npmtest/node-npmtest-art/example.js","s":{"1":2,"2":2,"3":2,"4":2,"5":2,"6":2,"7":2,"8":1,"9":2,"10":2,"11":2,"12":2,"13":1,"14":2,"15":2,"16":2,"17":2,"18":2,"19":0,"20":2,"21":1,"22":1,"23":1,"24":1,"25":1,"26":0,"27":0,"28":1,"29":1,"30":2,"31":0,"32":0,"33":0,"34":1,"35":2,"36":2,"37":3,"38":3,"39":3,"40":3,"41":0,"42":3,"43":3,"44":3,"45":1,"46":3,"47":1,"48":1,"49":1,"50":1,"51":1,"52":1,"53":1,"54":1,"55":1,"56":1,"57":0,"58":1,"59":6,"60":6,"61":1,"62":2,"63":0,"64":2,"65":1,"66":1,"67":0,"68":0,"69":0,"70":0,"71":0,"72":0,"73":0,"74":0,"75":0,"76":0,"77":0,"78":0,"79":0,"80":0,"81":0,"82":0,"83":0},"b":{"1":[2,1,1,1],"2":[1,1,1,1],"3":[1,1],"4":[2,2],"5":[1,1],"6":[1,1],"7":[2,0],"8":[2,1,1,1,1,1],"9":[0,2,0],"10":[1,1],"11":[2,1,1],"12":[1,0],"13":[0,2],"14":[2,0,0,0,0,0,0],"15":[0,3],"16":[3,0],"17":[1,1],"18":[0,1],"19":[1,2,0,2],"20":[1,0],"21":[1,1],"22":[0,0],"23":[0,0],"24":[0,0],"25":[0,0],"26":[0,0],"27":[0,0],"28":[0,0]},"f":{"1":2,"2":2,"3":2,"4":2,"5":2,"6":2,"7":3,"8":3,"9":3,"10":1,"11":6,"12":0},"fnMap":{"1":{"name":"(anonymous_1)","line":26,"loc":{"start":{"line":26,"column":1},"end":{"line":26,"column":13}}},"2":{"name":"(anonymous_2)","line":33,"loc":{"start":{"line":33,"column":5},"end":{"line":33,"column":17}}},"3":{"name":"(anonymous_3)","line":37,"loc":{"start":{"line":37,"column":24},"end":{"line":37,"column":36}}},"4":{"name":"(anonymous_4)","line":69,"loc":{"start":{"line":69,"column":31},"end":{"line":69,"column":48}},"skip":true},"5":{"name":"(anonymous_5)","line":78,"loc":{"start":{"line":78,"column":26},"end":{"line":78,"column":45}},"skip":true},"6":{"name":"(anonymous_6)","line":123,"loc":{"start":{"line":123,"column":33},"end":{"line":123,"column":48}},"skip":true},"7":{"name":"(anonymous_7)","line":125,"loc":{"start":{"line":125,"column":27},"end":{"line":125,"column":39}},"skip":true},"8":{"name":"(anonymous_8)","line":133,"loc":{"start":{"line":133,"column":59},"end":{"line":133,"column":74}},"skip":true},"9":{"name":"(anonymous_9)","line":143,"loc":{"start":{"line":143,"column":45},"end":{"line":143,"column":62}},"skip":true},"10":{"name":"(anonymous_10)","line":144,"loc":{"start":{"line":144,"column":73},"end":{"line":144,"column":92}},"skip":true},"11":{"name":"(anonymous_11)","line":272,"loc":{"start":{"line":272,"column":51},"end":{"line":272,"column":77}},"skip":true},"12":{"name":"(anonymous_12)","line":315,"loc":{"start":{"line":315,"column":32},"end":{"line":315,"column":61}},"skip":true}},"statementMap":{"1":{"start":{"line":26,"column":0},"end":{"line":326,"column":5}},"2":{"start":{"line":28,"column":4},"end":{"line":28,"column":14}},"3":{"start":{"line":33,"column":4},"end":{"line":60,"column":9}},"4":{"start":{"line":35,"column":8},"end":{"line":35,"column":19}},"5":{"start":{"line":37,"column":8},"end":{"line":49,"column":13}},"6":{"start":{"line":38,"column":12},"end":{"line":48,"column":13}},"7":{"start":{"line":39,"column":16},"end":{"line":42,"column":30}},"8":{"start":{"line":44,"column":16},"end":{"line":47,"column":27}},"9":{"start":{"line":51,"column":8},"end":{"line":53,"column":21}},"10":{"start":{"line":55,"column":8},"end":{"line":57,"column":45}},"11":{"start":{"line":59,"column":8},"end":{"line":59,"column":35}},"12":{"start":{"line":61,"column":4},"end":{"line":325,"column":5}},"13":{"start":{"line":69,"column":8},"end":{"line":121,"column":10},"skip":true},"14":{"start":{"line":70,"column":12},"end":{"line":88,"column":13},"skip":true},"15":{"start":{"line":76,"column":16},"end":{"line":87,"column":19},"skip":true},"16":{"start":{"line":79,"column":20},"end":{"line":86,"column":21},"skip":true},"17":{"start":{"line":82,"column":24},"end":{"line":82,"column":43},"skip":true},"18":{"start":{"line":83,"column":24},"end":{"line":83,"column":30},"skip":true},"19":{"start":{"line":85,"column":24},"end":{"line":85,"column":49},"skip":true},"20":{"start":{"line":89,"column":12},"end":{"line":107,"column":13},"skip":true},"21":{"start":{"line":92,"column":16},"end":{"line":102,"column":17},"skip":true},"22":{"start":{"line":93,"column":20},"end":{"line":93,"column":86},"skip":true},"23":{"start":{"line":94,"column":20},"end":{"line":95,"column":45},"skip":true},"24":{"start":{"line":96,"column":20},"end":{"line":96,"column":42},"skip":true},"25":{"start":{"line":97,"column":20},"end":{"line":97,"column":48},"skip":true},"26":{"start":{"line":100,"column":20},"end":{"line":100,"column":85},"skip":true},"27":{"start":{"line":101,"column":20},"end":{"line":101,"column":96},"skip":true},"28":{"start":{"line":103,"column":16},"end":{"line":103,"column":22},"skip":true},"29":{"start":{"line":106,"column":16},"end":{"line":106,"column":22},"skip":true},"30":{"start":{"line":108,"column":12},"end":{"line":120,"column":13},"skip":true},"31":{"start":{"line":114,"column":16},"end":{"line":119,"column":17},"skip":true},"32":{"start":{"line":116,"column":20},"end":{"line":116,"column":78},"skip":true},"33":{"start":{"line":118,"column":20},"end":{"line":118,"column":47},"skip":true},"34":{"start":{"line":123,"column":8},"end":{"line":141,"column":11},"skip":true},"35":{"start":{"line":124,"column":12},"end":{"line":124,"column":54},"skip":true},"36":{"start":{"line":125,"column":12},"end":{"line":140,"column":14},"skip":true},"37":{"start":{"line":126,"column":16},"end":{"line":126,"column":28},"skip":true},"38":{"start":{"line":127,"column":16},"end":{"line":127,"column":69},"skip":true},"39":{"start":{"line":128,"column":16},"end":{"line":128,"column":75},"skip":true},"40":{"start":{"line":129,"column":16},"end":{"line":131,"column":17},"skip":true},"41":{"start":{"line":130,"column":20},"end":{"line":130,"column":27},"skip":true},"42":{"start":{"line":133,"column":16},"end":{"line":137,"column":36},"skip":true},"43":{"start":{"line":134,"column":20},"end":{"line":136,"column":55},"skip":true},"44":{"start":{"line":139,"column":16},"end":{"line":139,"column":57},"skip":true},"45":{"start":{"line":143,"column":8},"end":{"line":147,"column":11},"skip":true},"46":{"start":{"line":144,"column":12},"end":{"line":146,"column":15},"skip":true},"47":{"start":{"line":145,"column":16},"end":{"line":145,"column":70},"skip":true},"48":{"start":{"line":149,"column":8},"end":{"line":149,"column":31},"skip":true},"49":{"start":{"line":150,"column":8},"end":{"line":150,"column":14},"skip":true},"50":{"start":{"line":158,"column":8},"end":{"line":158,"column":31},"skip":true},"51":{"start":{"line":160,"column":8},"end":{"line":160,"column":33},"skip":true},"52":{"start":{"line":161,"column":8},"end":{"line":161,"column":37},"skip":true},"53":{"start":{"line":162,"column":8},"end":{"line":162,"column":35},"skip":true},"54":{"start":{"line":164,"column":8},"end":{"line":164,"column":50},"skip":true},"55":{"start":{"line":166,"column":8},"end":{"line":256,"column":2},"skip":true},"56":{"start":{"line":258,"column":8},"end":{"line":286,"column":9},"skip":true},"57":{"start":{"line":259,"column":12},"end":{"line":269,"column":14},"skip":true},"58":{"start":{"line":271,"column":12},"end":{"line":285,"column":19},"skip":true},"59":{"start":{"line":274,"column":20},"end":{"line":274,"column":35},"skip":true},"60":{"start":{"line":275,"column":20},"end":{"line":284,"column":21},"skip":true},"61":{"start":{"line":277,"column":24},"end":{"line":277,"column":64},"skip":true},"62":{"start":{"line":279,"column":24},"end":{"line":279,"column":40},"skip":true},"63":{"start":{"line":281,"column":24},"end":{"line":281,"column":40},"skip":true},"64":{"start":{"line":283,"column":24},"end":{"line":283,"column":39},"skip":true},"65":{"start":{"line":288,"column":8},"end":{"line":290,"column":9},"skip":true},"66":{"start":{"line":289,"column":12},"end":{"line":289,"column":18},"skip":true},"67":{"start":{"line":291,"column":8},"end":{"line":293,"column":54},"skip":true},"68":{"start":{"line":296,"column":8},"end":{"line":301,"column":37},"skip":true},"69":{"start":{"line":303,"column":8},"end":{"line":303,"column":82},"skip":true},"70":{"start":{"line":306,"column":8},"end":{"line":308,"column":9},"skip":true},"71":{"start":{"line":307,"column":12},"end":{"line":307,"column":82},"skip":true},"72":{"start":{"line":310,"column":8},"end":{"line":312,"column":9},"skip":true},"73":{"start":{"line":311,"column":12},"end":{"line":311,"column":18},"skip":true},"74":{"start":{"line":313,"column":8},"end":{"line":313,"column":54},"skip":true},"75":{"start":{"line":314,"column":8},"end":{"line":314,"column":69},"skip":true},"76":{"start":{"line":315,"column":8},"end":{"line":323,"column":36},"skip":true},"77":{"start":{"line":316,"column":12},"end":{"line":316,"column":61},"skip":true},"78":{"start":{"line":317,"column":12},"end":{"line":320,"column":13},"skip":true},"79":{"start":{"line":318,"column":16},"end":{"line":318,"column":75},"skip":true},"80":{"start":{"line":319,"column":16},"end":{"line":319,"column":23},"skip":true},"81":{"start":{"line":321,"column":12},"end":{"line":321,"column":38},"skip":true},"82":{"start":{"line":322,"column":12},"end":{"line":322,"column":27},"skip":true},"83":{"start":{"line":324,"column":8},"end":{"line":324,"column":14},"skip":true}},"branchMap":{"1":{"line":39,"type":"binary-expr","locations":[{"start":{"line":39,"column":23},"end":{"line":39,"column":62}},{"start":{"line":40,"column":20},"end":{"line":40,"column":70}},{"start":{"line":41,"column":20},"end":{"line":41,"column":71}},{"start":{"line":42,"column":20},"end":{"line":42,"column":29}}]},"2":{"line":44,"type":"binary-expr","locations":[{"start":{"line":44,"column":23},"end":{"line":44,"column":37}},{"start":{"line":45,"column":20},"end":{"line":45,"column":61}},{"start":{"line":46,"column":20},"end":{"line":46,"column":70}},{"start":{"line":47,"column":20},"end":{"line":47,"column":26}}]},"3":{"line":51,"type":"cond-expr","locations":[{"start":{"line":52,"column":14},"end":{"line":52,"column":20}},{"start":{"line":53,"column":14},"end":{"line":53,"column":20}}]},"4":{"line":55,"type":"binary-expr","locations":[{"start":{"line":55,"column":16},"end":{"line":55,"column":44}},{"start":{"line":55,"column":49},"end":{"line":57,"column":43}}]},"5":{"line":55,"type":"cond-expr","locations":[{"start":{"line":56,"column":14},"end":{"line":56,"column":47}},{"start":{"line":57,"column":14},"end":{"line":57,"column":43}}]},"6":{"line":61,"type":"switch","locations":[{"start":{"line":68,"column":4},"end":{"line":150,"column":14},"skip":true},{"start":{"line":156,"column":4},"end":{"line":324,"column":14},"skip":true}]},"7":{"line":70,"type":"if","locations":[{"start":{"line":70,"column":12},"end":{"line":70,"column":12},"skip":true},{"start":{"line":70,"column":12},"end":{"line":70,"column":12},"skip":true}]},"8":{"line":70,"type":"binary-expr","locations":[{"start":{"line":70,"column":16},"end":{"line":70,"column":22},"skip":true},{"start":{"line":70,"column":27},"end":{"line":70,"column":32},"skip":true},{"start":{"line":71,"column":20},"end":{"line":71,"column":39},"skip":true},{"start":{"line":72,"column":20},"end":{"line":72,"column":49},"skip":true},{"start":{"line":73,"column":20},"end":{"line":73,"column":58},"skip":true},{"start":{"line":74,"column":20},"end":{"line":74,"column":69},"skip":true}]},"9":{"line":79,"type":"switch","locations":[{"start":{"line":80,"column":20},"end":{"line":80,"column":33},"skip":true},{"start":{"line":81,"column":20},"end":{"line":83,"column":30},"skip":true},{"start":{"line":84,"column":20},"end":{"line":85,"column":49},"skip":true}]},"10":{"line":89,"type":"switch","locations":[{"start":{"line":90,"column":12},"end":{"line":103,"column":22},"skip":true},{"start":{"line":105,"column":12},"end":{"line":106,"column":22},"skip":true}]},"11":{"line":89,"type":"binary-expr","locations":[{"start":{"line":89,"column":20},"end":{"line":89,"column":25},"skip":true},{"start":{"line":89,"column":29},"end":{"line":89,"column":48},"skip":true},{"start":{"line":89,"column":52},"end":{"line":89,"column":74},"skip":true}]},"12":{"line":92,"type":"if","locations":[{"start":{"line":92,"column":16},"end":{"line":92,"column":16},"skip":true},{"start":{"line":92,"column":16},"end":{"line":92,"column":16},"skip":true}]},"13":{"line":108,"type":"if","locations":[{"start":{"line":108,"column":12},"end":{"line":108,"column":12},"skip":true},{"start":{"line":108,"column":12},"end":{"line":108,"column":12},"skip":true}]},"14":{"line":108,"type":"binary-expr","locations":[{"start":{"line":108,"column":16},"end":{"line":108,"column":61},"skip":true},{"start":{"line":108,"column":66},"end":{"line":108,"column":72},"skip":true},{"start":{"line":108,"column":77},"end":{"line":108,"column":82},"skip":true},{"start":{"line":109,"column":20},"end":{"line":109,"column":39},"skip":true},{"start":{"line":110,"column":20},"end":{"line":110,"column":49},"skip":true},{"start":{"line":111,"column":20},"end":{"line":111,"column":58},"skip":true},{"start":{"line":112,"column":20},"end":{"line":112,"column":68},"skip":true}]},"15":{"line":129,"type":"if","locations":[{"start":{"line":129,"column":16},"end":{"line":129,"column":16},"skip":true},{"start":{"line":129,"column":16},"end":{"line":129,"column":16},"skip":true}]},"16":{"line":134,"type":"cond-expr","locations":[{"start":{"line":135,"column":26},"end":{"line":135,"column":29},"skip":true},{"start":{"line":136,"column":26},"end":{"line":136,"column":54},"skip":true}]},"17":{"line":164,"type":"binary-expr","locations":[{"start":{"line":164,"column":27},"end":{"line":164,"column":43},"skip":true},{"start":{"line":164,"column":47},"end":{"line":164,"column":49},"skip":true}]},"18":{"line":258,"type":"if","locations":[{"start":{"line":258,"column":8},"end":{"line":258,"column":8},"skip":true},{"start":{"line":258,"column":8},"end":{"line":258,"column":8},"skip":true}]},"19":{"line":275,"type":"switch","locations":[{"start":{"line":276,"column":20},"end":{"line":277,"column":64},"skip":true},{"start":{"line":278,"column":20},"end":{"line":279,"column":40},"skip":true},{"start":{"line":280,"column":20},"end":{"line":281,"column":40},"skip":true},{"start":{"line":282,"column":20},"end":{"line":283,"column":39},"skip":true}]},"20":{"line":288,"type":"if","locations":[{"start":{"line":288,"column":8},"end":{"line":288,"column":8},"skip":true},{"start":{"line":288,"column":8},"end":{"line":288,"column":8},"skip":true}]},"21":{"line":288,"type":"binary-expr","locations":[{"start":{"line":288,"column":12},"end":{"line":288,"column":40},"skip":true},{"start":{"line":288,"column":44},"end":{"line":288,"column":67},"skip":true}]},"22":{"line":292,"type":"binary-expr","locations":[{"start":{"line":292,"column":12},"end":{"line":292,"column":50},"skip":true},{"start":{"line":293,"column":12},"end":{"line":293,"column":53},"skip":true}]},"23":{"line":297,"type":"binary-expr","locations":[{"start":{"line":297,"column":12},"end":{"line":297,"column":61},"skip":true},{"start":{"line":298,"column":12},"end":{"line":301,"column":36},"skip":true}]},"24":{"line":303,"type":"binary-expr","locations":[{"start":{"line":303,"column":43},"end":{"line":303,"column":75},"skip":true},{"start":{"line":303,"column":79},"end":{"line":303,"column":81},"skip":true}]},"25":{"line":306,"type":"if","locations":[{"start":{"line":306,"column":8},"end":{"line":306,"column":8},"skip":true},{"start":{"line":306,"column":8},"end":{"line":306,"column":8},"skip":true}]},"26":{"line":310,"type":"if","locations":[{"start":{"line":310,"column":8},"end":{"line":310,"column":8},"skip":true},{"start":{"line":310,"column":8},"end":{"line":310,"column":8},"skip":true}]},"27":{"line":313,"type":"binary-expr","locations":[{"start":{"line":313,"column":27},"end":{"line":313,"column":43},"skip":true},{"start":{"line":313,"column":47},"end":{"line":313,"column":53},"skip":true}]},"28":{"line":317,"type":"if","locations":[{"start":{"line":317,"column":12},"end":{"line":317,"column":12},"skip":true},{"start":{"line":317,"column":12},"end":{"line":317,"column":12},"skip":true}]}},"code":["/*","example.js","","quickstart example","","instruction","    1. save this script as example.js","    2. run the shell command:","        $ npm install npmtest-art && PORT=8081 node example.js","    3. play with the browser-demo on http://127.0.0.1:8081","*/","","","","/* istanbul instrument in package npmtest_art */","/*jslint","    bitwise: true,","    browser: true,","    maxerr: 8,","    maxlen: 96,","    node: true,","    nomen: true,","    regexp: true,","    stupid: true","*/","(function () {","    'use strict';","    var local;","","","","    // run shared js-env code - pre-init","    (function () {","        // init local","        local = {};","        // init modeJs","        local.modeJs = (function () {","            try {","                return typeof navigator.userAgent === 'string' &&","                    typeof document.querySelector('body') === 'object' &&","                    typeof XMLHttpRequest.prototype.open === 'function' &&","                    'browser';","            } catch (errorCaughtBrowser) {","                return module.exports &&","                    typeof process.versions.node === 'string' &&","                    typeof require('http').createServer === 'function' &&","                    'node';","            }","        }());","        // init global","        local.global = local.modeJs === 'browser'","            ? window","            : global;","        // init utility2_rollup","        local = local.global.utility2_rollup || (local.modeJs === 'browser'","            ? local.global.utility2_npmtest_art","            : global.utility2_moduleExports);","        // export local","        local.global.local = local;","    }());","    switch (local.modeJs) {","","","","    // post-init","    // run browser js-env code - post-init","    /* istanbul ignore next */","    case 'browser':","        local.testRunBrowser = function (event) {","            if (!event || (event &&","                    event.currentTarget &&","                    event.currentTarget.className &&","                    event.currentTarget.className.includes &&","                    event.currentTarget.className.includes('onreset'))) {","                // reset output","                Array.from(","                    document.querySelectorAll('body > .resettable')","                ).forEach(function (element) {","                    switch (element.tagName) {","                    case 'INPUT':","                    case 'TEXTAREA':","                        element.value = '';","                        break;","                    default:","                        element.textContent = '';","                    }","                });","            }","            switch (event && event.currentTarget && event.currentTarget.id) {","            case 'testRunButton1':","                // show tests","                if (document.querySelector('#testReportDiv1').style.display === 'none') {","                    document.querySelector('#testReportDiv1').style.display = 'block';","                    document.querySelector('#testRunButton1').textContent =","                        'hide internal test';","                    local.modeTest = true;","                    local.testRunDefault(local);","                // hide tests","                } else {","                    document.querySelector('#testReportDiv1').style.display = 'none';","                    document.querySelector('#testRunButton1').textContent = 'run internal test';","                }","                break;","            // custom-case","            default:","                break;","            }","            if (document.querySelector('#inputTextareaEval1') && (!event || (event &&","                    event.currentTarget &&","                    event.currentTarget.className &&","                    event.currentTarget.className.includes &&","                    event.currentTarget.className.includes('oneval')))) {","                // try to eval input-code","                try {","                    /*jslint evil: true*/","                    eval(document.querySelector('#inputTextareaEval1').value);","                } catch (errorCaught) {","                    console.error(errorCaught);","                }","            }","        };","        // log stderr and stdout to #outputTextareaStdout1","        ['error', 'log'].forEach(function (key) {","            console[key + '_original'] = console[key];","            console[key] = function () {","                var element;","                console[key + '_original'].apply(console, arguments);","                element = document.querySelector('#outputTextareaStdout1');","                if (!element) {","                    return;","                }","                // append text to #outputTextareaStdout1","                element.value += Array.from(arguments).map(function (arg) {","                    return typeof arg === 'string'","                        ? arg","                        : JSON.stringify(arg, null, 4);","                }).join(' ') + '\\n';","                // scroll textarea to bottom","                element.scrollTop = element.scrollHeight;","            };","        });","        // init event-handling","        ['change', 'click', 'keyup'].forEach(function (event) {","            Array.from(document.querySelectorAll('.on' + event)).forEach(function (element) {","                element.addEventListener(event, local.testRunBrowser);","            });","        });","        // run tests","        local.testRunBrowser();","        break;","","","","    // run node js-env code - post-init","    /* istanbul ignore next */","    case 'node':","        // export local","        module.exports = local;","        // require modules","        local.fs = require('fs');","        local.http = require('http');","        local.url = require('url');","        // init assets","        local.assetsDict = local.assetsDict || {};","        /* jslint-ignore-begin */","        local.assetsDict['/assets.index.template.html'] = '\\","<!doctype html>\\n\\","<html lang=\"en\">\\n\\","<head>\\n\\","<meta charset=\"UTF-8\">\\n\\","<meta name=\"viewport\" content=\"width=device-width, initial-scale=1\">\\n\\","<title>{{env.npm_package_name}} (v{{env.npm_package_version}})</title>\\n\\","<style>\\n\\","/*csslint\\n\\","    box-sizing: false,\\n\\","    universal-selector: false\\n\\","*/\\n\\","* {\\n\\","    box-sizing: border-box;\\n\\","}\\n\\","body {\\n\\","    background: #dde;\\n\\","    font-family: Arial, Helvetica, sans-serif;\\n\\","    margin: 2rem;\\n\\","}\\n\\","body > * {\\n\\","    margin-bottom: 1rem;\\n\\","}\\n\\",".utility2FooterDiv {\\n\\","    margin-top: 20px;\\n\\","    text-align: center;\\n\\","}\\n\\","</style>\\n\\","<style>\\n\\","/*csslint\\n\\","*/\\n\\","textarea {\\n\\","    font-family: monospace;\\n\\","    height: 10rem;\\n\\","    width: 100%;\\n\\","}\\n\\","textarea[readonly] {\\n\\","    background: #ddd;\\n\\","}\\n\\","</style>\\n\\","</head>\\n\\","<body>\\n\\","<!-- utility2-comment\\n\\","<div id=\"ajaxProgressDiv1\" style=\"background: #d00; height: 2px; left: 0; margin: 0; padding: 0; position: fixed; top: 0; transition: background 0.5s, width 1.5s; width: 25%;\"></div>\\n\\","utility2-comment -->\\n\\","<h1>\\n\\","<!-- utility2-comment\\n\\","    <a\\n\\","        {{#if env.npm_package_homepage}}\\n\\","        href=\"{{env.npm_package_homepage}}\"\\n\\","        {{/if env.npm_package_homepage}}\\n\\","        target=\"_blank\"\\n\\","    >\\n\\","utility2-comment -->\\n\\","        {{env.npm_package_name}} (v{{env.npm_package_version}})\\n\\","<!-- utility2-comment\\n\\","    </a>\\n\\","utility2-comment -->\\n\\","</h1>\\n\\","<h3>{{env.npm_package_description}}</h3>\\n\\","<!-- utility2-comment\\n\\","<h4><a download href=\"assets.app.js\">download standalone app</a></h4>\\n\\","<button class=\"onclick onreset\" id=\"testRunButton1\">run internal test</button><br>\\n\\","<div id=\"testReportDiv1\" style=\"display: none;\"></div>\\n\\","utility2-comment -->\\n\\","\\n\\","\\n\\","\\n\\","<label>stderr and stdout</label>\\n\\","<textarea class=\"resettable\" id=\"outputTextareaStdout1\" readonly></textarea>\\n\\","<!-- utility2-comment\\n\\","{{#if isRollup}}\\n\\","<script src=\"assets.app.js\"></script>\\n\\","{{#unless isRollup}}\\n\\","utility2-comment -->\\n\\","<script src=\"assets.utility2.rollup.js\"></script>\\n\\","<script src=\"jsonp.utility2._stateInit?callback=window.utility2._stateInit\"></script>\\n\\","<script src=\"assets.npmtest_art.rollup.js\"></script>\\n\\","<script src=\"assets.example.js\"></script>\\n\\","<script src=\"assets.test.js\"></script>\\n\\","<!-- utility2-comment\\n\\","{{/if isRollup}}\\n\\","utility2-comment -->\\n\\","<div class=\"utility2FooterDiv\">\\n\\","    [ this app was created with\\n\\","    <a href=\"https://github.com/kaizhu256/node-utility2\" target=\"_blank\">utility2</a>\\n\\","    ]\\n\\","</div>\\n\\","</body>\\n\\","</html>\\n\\","';","        /* jslint-ignore-end */","        if (local.templateRender) {","            local.assetsDict['/'] = local.templateRender(","                local.assetsDict['/assets.index.template.html'],","                {","                    env: local.objectSetDefault(local.env, {","                        npm_package_description: 'the greatest app in the world!',","                        npm_package_name: 'my-app',","                        npm_package_nameAlias: 'my_app',","                        npm_package_version: '0.0.1'","                    })","                }","            );","        } else {","            local.assetsDict['/'] = local.assetsDict['/assets.index.template.html']","                .replace((/\\{\\{env\\.(\\w+?)\\}\\}/g), function (match0, match1) {","                    // jslint-hack","                    String(match0);","                    switch (match1) {","                    case 'npm_package_description':","                        return 'the greatest app in the world!';","                    case 'npm_package_name':","                        return 'my-app';","                    case 'npm_package_nameAlias':","                        return 'my_app';","                    case 'npm_package_version':","                        return '0.0.1';","                    }","                });","        }","        // run the cli","        if (local.global.utility2_rollup || module !== require.main) {","            break;","        }","        local.assetsDict['/assets.example.js'] =","            local.assetsDict['/assets.example.js'] ||","            local.fs.readFileSync(__filename, 'utf8');","        // bug-workaround - long $npm_package_buildCustomOrg","        /* jslint-ignore-begin */","        local.assetsDict['/assets.npmtest_art.rollup.js'] =","            local.assetsDict['/assets.npmtest_art.rollup.js'] ||","            local.fs.readFileSync(","                local.npmtest_art.__dirname + '/lib.npmtest_art.js',","                'utf8'","            ).replace((/^#!/), '//');","        /* jslint-ignore-end */","        local.assetsDict['/favicon.ico'] = local.assetsDict['/favicon.ico'] || '';","        // if $npm_config_timeout_exit exists,","        // then exit this process after $npm_config_timeout_exit ms","        if (Number(process.env.npm_config_timeout_exit)) {","            setTimeout(process.exit, Number(process.env.npm_config_timeout_exit));","        }","        // start server","        if (local.global.utility2_serverHttp1) {","            break;","        }","        process.env.PORT = process.env.PORT || '8081';","        console.error('server starting on port ' + process.env.PORT);","        local.http.createServer(function (request, response) {","            request.urlParsed = local.url.parse(request.url);","            if (local.assetsDict[request.urlParsed.pathname] !== undefined) {","                response.end(local.assetsDict[request.urlParsed.pathname]);","                return;","            }","            response.statusCode = 404;","            response.end();","        }).listen(process.env.PORT);","        break;","    }","}());",""],"l":{"26":2,"28":2,"33":2,"35":2,"37":2,"38":2,"39":2,"44":1,"51":2,"55":2,"59":2,"61":2,"69":1,"70":2,"76":2,"79":2,"82":2,"83":2,"85":1,"89":2,"92":1,"93":1,"94":1,"96":1,"97":1,"100":1,"101":1,"103":1,"106":1,"108":2,"114":1,"116":1,"118":1,"123":1,"124":2,"125":2,"126":3,"127":3,"128":3,"129":3,"130":1,"133":3,"134":3,"139":3,"143":1,"144":3,"145":1,"149":1,"150":1,"158":1,"160":1,"161":1,"162":1,"164":1,"166":1,"258":1,"259":1,"271":1,"274":6,"275":6,"277":1,"279":2,"281":1,"283":2,"288":1,"289":1,"291":1,"296":1,"303":1,"306":1,"307":1,"310":1,"311":1,"313":1,"314":1,"315":1,"316":1,"317":1,"318":1,"319":1,"321":1,"322":1,"324":1}},"/home/travis/build/npmtest/node-npmtest-art/node_modules/art/index.js":{"path":"/home/travis/build/npmtest/node-npmtest-art/node_modules/art/index.js","s":{"1":1,"2":1,"3":1,"4":1,"5":1,"6":1,"7":1,"8":1,"9":1,"10":1},"b":{"1":[1,0]},"f":{},"fnMap":{},"statementMap":{"1":{"start":{"line":1,"column":0},"end":{"line":1,"column":38}},"2":{"start":{"line":2,"column":0},"end":{"line":2,"column":47}},"3":{"start":{"line":3,"column":0},"end":{"line":3,"column":37}},"4":{"start":{"line":4,"column":0},"end":{"line":4,"column":43}},"5":{"start":{"line":5,"column":0},"end":{"line":5,"column":39}},"6":{"start":{"line":6,"column":0},"end":{"line":6,"column":53}},"7":{"start":{"line":6,"column":16},"end":{"line":6,"column":53}},"8":{"start":{"line":7,"column":0},"end":{"line":7,"column":45}},"9":{"start":{"line":8,"column":0},"end":{"line":8,"column":37}},"10":{"start":{"line":9,"column":0},"end":{"line":9,"column":22}}},"branchMap":{"1":{"line":6,"type":"if","locations":[{"start":{"line":6,"column":0},"end":{"line":6,"column":0}},{"start":{"line":6,"column":0},"end":{"line":6,"column":0}}]}},"code":["var MODE = require('./modes/current');","MODE.Rectangle = require('./shapes/rectangle');","MODE.Pill = require('./shapes/pill');","MODE.Ellipse = require('./shapes/ellipse');","MODE.Wedge = require('./shapes/wedge');","if (!MODE.Font) MODE.Font = require('./shapes/font');","MODE.Transform = require('./core/transform');","MODE.Color = require('./core/color');","module.exports = MODE;"],"l":{"1":1,"2":1,"3":1,"4":1,"5":1,"6":1,"7":1,"8":1,"9":1}},"/home/travis/build/npmtest/node-npmtest-art/node_modules/art/modes/current.js":{"path":"/home/travis/build/npmtest/node-npmtest-art/node_modules/art/modes/current.js","s":{"1":1,"2":0,"3":1,"4":1,"5":1,"6":1,"7":1,"8":1,"9":1,"10":4,"11":24},"b":{},"f":{"1":0,"2":4},"fnMap":{"1":{"name":"warning","line":1,"loc":{"start":{"line":1,"column":0},"end":{"line":1,"column":18}}},"2":{"name":"(anonymous_2)","line":12,"loc":{"start":{"line":12,"column":21},"end":{"line":12,"column":35}}}},"statementMap":{"1":{"start":{"line":1,"column":0},"end":{"line":3,"column":1}},"2":{"start":{"line":2,"column":1},"end":{"line":2,"column":76}},"3":{"start":{"line":5,"column":0},"end":{"line":5,"column":26}},"4":{"start":{"line":6,"column":0},"end":{"line":6,"column":23}},"5":{"start":{"line":7,"column":0},"end":{"line":7,"column":24}},"6":{"start":{"line":8,"column":0},"end":{"line":8,"column":24}},"7":{"start":{"line":9,"column":0},"end":{"line":9,"column":36}},"8":{"start":{"line":10,"column":0},"end":{"line":10,"column":23}},"9":{"start":{"line":12,"column":0},"end":{"line":16,"column":2}},"10":{"start":{"line":13,"column":1},"end":{"line":15,"column":2}},"11":{"start":{"line":14,"column":2},"end":{"line":14,"column":27}}},"branchMap":{},"code":["function warning(){","\tthrow new Error('You must require a mode before requiring anything else.');","}","","exports.Surface = warning;","exports.Path = warning;","exports.Shape = warning;","exports.Group = warning;","exports.ClippingRectangle = warning;","exports.Text = warning;","","exports.setCurrent = function(mode){","\tfor (var key in mode){","\t\texports[key] = mode[key];","\t}","};",""],"l":{"1":1,"2":0,"5":1,"6":1,"7":1,"8":1,"9":1,"10":1,"12":1,"13":4,"14":24}},"/home/travis/build/npmtest/node-npmtest-art/node_modules/art/shapes/rectangle.js":{"path":"/home/travis/build/npmtest/node-npmtest-art/node_modules/art/shapes/rectangle.js","s":{"1":1,"2":1,"3":0,"4":0,"5":0,"6":0,"7":0,"8":0,"9":0,"10":0,"11":0,"12":0,"13":0,"14":0,"15":0,"16":0,"17":0,"18":0,"19":0,"20":0,"21":0,"22":0,"23":0,"24":0,"25":0,"26":0,"27":0,"28":0,"29":0,"30":0,"31":0,"32":0,"33":0,"34":0,"35":0,"36":0},"b":{"1":[0,0],"2":[0,0],"3":[0,0],"4":[0,0],"5":[0,0],"6":[0,0],"7":[0,0],"8":[0,0],"9":[0,0],"10":[0,0],"11":[0,0],"12":[0,0]},"f":{"1":0},"fnMap":{"1":{"name":"(anonymous_1)","line":3,"loc":{"start":{"line":3,"column":23},"end":{"line":3,"column":54}}}},"statementMap":{"1":{"start":{"line":1,"column":0},"end":{"line":1,"column":33}},"2":{"start":{"line":3,"column":0},"end":{"line":45,"column":3}},"3":{"start":{"line":5,"column":1},"end":{"line":5,"column":20}},"4":{"start":{"line":6,"column":1},"end":{"line":6,"column":22}},"5":{"start":{"line":8,"column":1},"end":{"line":8,"column":22}},"6":{"start":{"line":10,"column":1},"end":{"line":41,"column":2}},"7":{"start":{"line":12,"column":2},"end":{"line":12,"column":82}},"8":{"start":{"line":16,"column":2},"end":{"line":16,"column":75}},"9":{"start":{"line":16,"column":33},"end":{"line":16,"column":75}},"10":{"start":{"line":18,"column":2},"end":{"line":18,"column":69}},"11":{"start":{"line":20,"column":2},"end":{"line":20,"column":21}},"12":{"start":{"line":20,"column":14},"end":{"line":20,"column":21}},"13":{"start":{"line":21,"column":2},"end":{"line":21,"column":21}},"14":{"start":{"line":21,"column":14},"end":{"line":21,"column":21}},"15":{"start":{"line":22,"column":2},"end":{"line":22,"column":21}},"16":{"start":{"line":22,"column":14},"end":{"line":22,"column":21}},"17":{"start":{"line":23,"column":2},"end":{"line":23,"column":21}},"18":{"start":{"line":23,"column":14},"end":{"line":23,"column":21}},"19":{"start":{"line":25,"column":2},"end":{"line":25,"column":19}},"20":{"start":{"line":27,"column":2},"end":{"line":27,"column":37}},"21":{"start":{"line":27,"column":17},"end":{"line":27,"column":37}},"22":{"start":{"line":28,"column":2},"end":{"line":28,"column":39}},"23":{"start":{"line":28,"column":18},"end":{"line":28,"column":39}},"24":{"start":{"line":30,"column":2},"end":{"line":30,"column":32}},"25":{"start":{"line":30,"column":14},"end":{"line":30,"column":32}},"26":{"start":{"line":31,"column":2},"end":{"line":31,"column":44}},"27":{"start":{"line":33,"column":2},"end":{"line":33,"column":31}},"28":{"start":{"line":33,"column":14},"end":{"line":33,"column":31}},"29":{"start":{"line":34,"column":2},"end":{"line":34,"column":45}},"30":{"start":{"line":36,"column":2},"end":{"line":36,"column":32}},"31":{"start":{"line":36,"column":14},"end":{"line":36,"column":32}},"32":{"start":{"line":37,"column":2},"end":{"line":37,"column":46}},"33":{"start":{"line":39,"column":2},"end":{"line":39,"column":33}},"34":{"start":{"line":39,"column":14},"end":{"line":39,"column":33}},"35":{"start":{"line":40,"column":2},"end":{"line":40,"column":47}},"36":{"start":{"line":43,"column":1},"end":{"line":43,"column":14}}},"branchMap":{"1":{"line":10,"type":"if","locations":[{"start":{"line":10,"column":1},"end":{"line":10,"column":1}},{"start":{"line":10,"column":1},"end":{"line":10,"column":1}}]},"2":{"line":16,"type":"if","locations":[{"start":{"line":16,"column":2},"end":{"line":16,"column":2}},{"start":{"line":16,"column":2},"end":{"line":16,"column":2}}]},"3":{"line":20,"type":"if","locations":[{"start":{"line":20,"column":2},"end":{"line":20,"column":2}},{"start":{"line":20,"column":2},"end":{"line":20,"column":2}}]},"4":{"line":21,"type":"if","locations":[{"start":{"line":21,"column":2},"end":{"line":21,"column":2}},{"start":{"line":21,"column":2},"end":{"line":21,"column":2}}]},"5":{"line":22,"type":"if","locations":[{"start":{"line":22,"column":2},"end":{"line":22,"column":2}},{"start":{"line":22,"column":2},"end":{"line":22,"column":2}}]},"6":{"line":23,"type":"if","locations":[{"start":{"line":23,"column":2},"end":{"line":23,"column":2}},{"start":{"line":23,"column":2},"end":{"line":23,"column":2}}]},"7":{"line":27,"type":"if","locations":[{"start":{"line":27,"column":2},"end":{"line":27,"column":2}},{"start":{"line":27,"column":2},"end":{"line":27,"column":2}}]},"8":{"line":28,"type":"if","locations":[{"start":{"line":28,"column":2},"end":{"line":28,"column":2}},{"start":{"line":28,"column":2},"end":{"line":28,"column":2}}]},"9":{"line":30,"type":"if","locations":[{"start":{"line":30,"column":2},"end":{"line":30,"column":2}},{"start":{"line":30,"column":2},"end":{"line":30,"column":2}}]},"10":{"line":33,"type":"if","locations":[{"start":{"line":33,"column":2},"end":{"line":33,"column":2}},{"start":{"line":33,"column":2},"end":{"line":33,"column":2}}]},"11":{"line":36,"type":"if","locations":[{"start":{"line":36,"column":2},"end":{"line":36,"column":2}},{"start":{"line":36,"column":2},"end":{"line":36,"column":2}}]},"12":{"line":39,"type":"if","locations":[{"start":{"line":39,"column":2},"end":{"line":39,"column":2}},{"start":{"line":39,"column":2},"end":{"line":39,"column":2}}]}},"code":["var Shape = require('./generic');","","module.exports = Shape(function(width, height, radius){","","\tthis.width = width;","\tthis.height = height;","","\tvar path = this.path;","","\tif (!radius){","","\t\tpath.move(0, 0).line(width, 0).line(0, height).line(-width, 0).line(0, -height);","","\t} else {","","\t\tif (typeof radius == 'number') radius = [radius, radius, radius, radius];","","\t\tvar tl = radius[0], tr = radius[1], br = radius[2], bl = radius[3];","","\t\tif (tl < 0) tl = 0;","\t\tif (tr < 0) tr = 0;","\t\tif (bl < 0) bl = 0;","\t\tif (br < 0) br = 0;","","\t\tpath.move(0, tl);","","\t\tif (width < 0) path.move(width, 0);","\t\tif (height < 0) path.move(0, height);","","\t\tif (tl > 0) path.arc(tl, -tl);","\t\tpath.line(Math.abs(width) - (tr + tl), 0);","","\t\tif (tr > 0) path.arc(tr, tr);","\t\tpath.line(0, Math.abs(height) - (tr + br));","","\t\tif (br > 0) path.arc(-br, br);","\t\tpath.line(- Math.abs(width) + (br + bl), 0);","","\t\tif (bl > 0) path.arc(-bl, -bl);","\t\tpath.line(0, - Math.abs(height) + (bl + tl));","\t}","\t","\tpath.close();","","});"],"l":{"1":1,"3":1,"5":0,"6":0,"8":0,"10":0,"12":0,"16":0,"18":0,"20":0,"21":0,"22":0,"23":0,"25":0,"27":0,"28":0,"30":0,"31":0,"33":0,"34":0,"36":0,"37":0,"39":0,"40":0,"43":0}},"/home/travis/build/npmtest/node-npmtest-art/node_modules/art/shapes/generic.js":{"path":"/home/travis/build/npmtest/node-npmtest-art/node_modules/art/shapes/generic.js","s":{"1":1,"2":1,"3":1,"4":5,"5":0,"6":0,"7":0,"8":0,"9":0,"10":0,"11":0,"12":0},"b":{"1":[0,0]},"f":{"1":5,"2":0,"3":0},"fnMap":{"1":{"name":"(anonymous_1)","line":4,"loc":{"start":{"line":4,"column":17},"end":{"line":4,"column":39}}},"2":{"name":"(anonymous_2)","line":11,"loc":{"start":{"line":11,"column":14},"end":{"line":11,"column":27}}},"3":{"name":"(anonymous_3)","line":17,"loc":{"start":{"line":17,"column":8},"end":{"line":17,"column":18}}}},"statementMap":{"1":{"start":{"line":1,"column":0},"end":{"line":1,"column":37}},"2":{"start":{"line":2,"column":0},"end":{"line":2,"column":39}},"3":{"start":{"line":4,"column":0},"end":{"line":28,"column":2}},"4":{"start":{"line":6,"column":1},"end":{"line":26,"column":4}},"5":{"start":{"line":12,"column":3},"end":{"line":12,"column":27}},"6":{"start":{"line":13,"column":3},"end":{"line":13,"column":31}},"7":{"start":{"line":14,"column":3},"end":{"line":14,"column":53}},"8":{"start":{"line":14,"column":20},"end":{"line":14,"column":53}},"9":{"start":{"line":18,"column":3},"end":{"line":18,"column":21}},"10":{"start":{"line":19,"column":3},"end":{"line":19,"column":46}},"11":{"start":{"line":20,"column":3},"end":{"line":20,"column":55}},"12":{"start":{"line":21,"column":3},"end":{"line":21,"column":15}}},"branchMap":{"1":{"line":14,"type":"if","locations":[{"start":{"line":14,"column":3},"end":{"line":14,"column":3}},{"start":{"line":14,"column":3},"end":{"line":14,"column":3}}]}},"code":["var Class = require('../core/class');","var Mode = require('../modes/current');","","module.exports = function(drawFunction){","","\treturn Class(Mode.Shape, {","","\t\tshape_initialize: Mode.Shape.prototype.initialize,","\t\tshape_draw: Mode.Shape.prototype.draw,","","\t\tinitialize: function(arg){","\t\t\tthis.shape_initialize();","\t\t\tthis.path = new Mode.Path();","\t\t\tif (arg != null) this.draw.apply(this, arguments);","\t\t},","","\t\tdraw: function(){","\t\t\tthis.path.reset();","\t\t\tthis._draw_function.apply(this, arguments);","\t\t\tthis.shape_draw(this.path, this.width, this.height);","\t\t\treturn this;","\t\t},","","\t\t_draw_function: drawFunction","","\t});","","};"],"l":{"1":1,"2":1,"4":1,"6":5,"12":0,"13":0,"14":0,"18":0,"19":0,"20":0,"21":0}},"/home/travis/build/npmtest/node-npmtest-art/node_modules/art/core/class.js":{"path":"/home/travis/build/npmtest/node-npmtest-art/node_modules/art/core/class.js","s":{"1":1,"2":35,"3":35,"4":76,"5":76,"6":41,"7":76,"8":1102,"9":35,"10":3,"11":35,"12":0,"13":35,"14":35},"b":{"1":[41,35],"2":[3,32]},"f":{"1":35,"2":0,"3":0},"fnMap":{"1":{"name":"(anonymous_1)","line":1,"loc":{"start":{"line":1,"column":17},"end":{"line":1,"column":33}}},"2":{"name":"(anonymous_2)","line":8,"loc":{"start":{"line":8,"column":43},"end":{"line":8,"column":53}}},"3":{"name":"(anonymous_3)","line":9,"loc":{"start":{"line":9,"column":21},"end":{"line":9,"column":46}}}},"statementMap":{"1":{"start":{"line":1,"column":0},"end":{"line":14,"column":2}},"2":{"start":{"line":2,"column":1},"end":{"line":2,"column":16}},"3":{"start":{"line":3,"column":1},"end":{"line":7,"column":2}},"4":{"start":{"line":4,"column":2},"end":{"line":4,"column":27}},"5":{"start":{"line":5,"column":2},"end":{"line":5,"column":58}},"6":{"start":{"line":5,"column":34},"end":{"line":5,"column":58}},"7":{"start":{"line":6,"column":2},"end":{"line":6,"column":49}},"8":{"start":{"line":6,"column":25},"end":{"line":6,"column":49}},"9":{"start":{"line":8,"column":1},"end":{"line":8,"column":56}},"10":{"start":{"line":8,"column":24},"end":{"line":8,"column":56}},"11":{"start":{"line":9,"column":1},"end":{"line":11,"column":3}},"12":{"start":{"line":10,"column":2},"end":{"line":10,"column":47}},"13":{"start":{"line":12,"column":1},"end":{"line":12,"column":66}},"14":{"start":{"line":13,"column":1},"end":{"line":13,"column":26}}},"branchMap":{"1":{"line":5,"type":"if","locations":[{"start":{"line":5,"column":2},"end":{"line":5,"column":2}},{"start":{"line":5,"column":2},"end":{"line":5,"column":2}}]},"2":{"line":8,"type":"if","locations":[{"start":{"line":8,"column":1},"end":{"line":8,"column":1}},{"start":{"line":8,"column":1},"end":{"line":8,"column":1}}]}},"code":["module.exports = function(mixins){","\tvar proto = {};","\tfor (var i = 0, l = arguments.length; i < l; i++){","\t\tvar mixin = arguments[i];","\t\tif (typeof mixin == 'function') mixin = mixin.prototype;","\t\tfor (var key in mixin) proto[key] = mixin[key];","\t}","\tif (!proto.initialize) proto.initialize = function(){};","\tproto.constructor = function(a,b,c,d,e,f,g,h){","\t\treturn new proto.initialize(a,b,c,d,e,f,g,h);","\t};","\tproto.constructor.prototype = proto.initialize.prototype = proto;","\treturn proto.constructor;","};",""],"l":{"1":1,"2":35,"3":35,"4":76,"5":76,"6":1102,"8":35,"9":35,"10":0,"12":35,"13":35}},"/home/travis/build/npmtest/node-npmtest-art/node_modules/art/shapes/pill.js":{"path":"/home/travis/build/npmtest/node-npmtest-art/node_modules/art/shapes/pill.js","s":{"1":1,"2":1,"3":0,"4":0,"5":0,"6":0,"7":0,"8":0,"9":0,"10":0,"11":0,"12":0,"13":0,"14":0,"15":0,"16":0,"17":0},"b":{"1":[0,0],"2":[0,0],"3":[0,0]},"f":{"1":0},"fnMap":{"1":{"name":"(anonymous_1)","line":3,"loc":{"start":{"line":3,"column":23},"end":{"line":3,"column":46}}}},"statementMap":{"1":{"start":{"line":1,"column":0},"end":{"line":1,"column":33}},"2":{"start":{"line":3,"column":0},"end":{"line":37,"column":3}},"3":{"start":{"line":5,"column":1},"end":{"line":5,"column":20}},"4":{"start":{"line":6,"column":1},"end":{"line":6,"column":22}},"5":{"start":{"line":8,"column":1},"end":{"line":8,"column":22}},"6":{"start":{"line":10,"column":1},"end":{"line":13,"column":2}},"7":{"start":{"line":11,"column":2},"end":{"line":11,"column":22}},"8":{"start":{"line":12,"column":2},"end":{"line":12,"column":17}},"9":{"start":{"line":14,"column":1},"end":{"line":17,"column":2}},"10":{"start":{"line":15,"column":2},"end":{"line":15,"column":23}},"11":{"start":{"line":16,"column":2},"end":{"line":16,"column":19}},"12":{"start":{"line":19,"column":1},"end":{"line":33,"column":2}},"13":{"start":{"line":20,"column":2},"end":{"line":20,"column":20}},"14":{"start":{"line":21,"column":2},"end":{"line":25,"column":28}},"15":{"start":{"line":27,"column":2},"end":{"line":27,"column":21}},"16":{"start":{"line":28,"column":2},"end":{"line":32,"column":23}},"17":{"start":{"line":35,"column":1},"end":{"line":35,"column":14}}},"branchMap":{"1":{"line":10,"type":"if","locations":[{"start":{"line":10,"column":1},"end":{"line":10,"column":1}},{"start":{"line":10,"column":1},"end":{"line":10,"column":1}}]},"2":{"line":14,"type":"if","locations":[{"start":{"line":14,"column":1},"end":{"line":14,"column":1}},{"start":{"line":14,"column":1},"end":{"line":14,"column":1}}]},"3":{"line":19,"type":"if","locations":[{"start":{"line":19,"column":1},"end":{"line":19,"column":1}},{"start":{"line":19,"column":1},"end":{"line":19,"column":1}}]}},"code":["var Shape = require('./generic');","","module.exports = Shape(function(width, height){","","\tthis.width = width;","\tthis.height = height;","","\tvar path = this.path;","","\tif (width < 0){","\t\tpath.move(width, 0);","\t\twidth = -width;","\t}","\tif (height < 0){","\t\tpath.move(0, height);","\t\theight = -height;","\t}","","\tif (width < height){","\t\tvar r = width / 2;","\t\tpath.move(0, r)","\t\t\t.arc(width, 0, r)","\t\t\t.line(0, height - width)","\t\t\t.arc(-width, 0, r)","\t\t\t.line(0, width - height);","\t} else {","\t\tvar r = height / 2;","\t\tpath.move(r, 0)","\t\t\t.line(width - height, 0)","\t\t\t.arc(0, height, r)","\t\t\t.line(height - width, 0)","\t\t\t.arc(0, -height, r);","\t}","\t","\tpath.close();","","});"],"l":{"1":1,"3":1,"5":0,"6":0,"8":0,"10":0,"11":0,"12":0,"14":0,"15":0,"16":0,"19":0,"20":0,"21":0,"27":0,"28":0,"35":0}},"/home/travis/build/npmtest/node-npmtest-art/node_modules/art/shapes/ellipse.js":{"path":"/home/travis/build/npmtest/node-npmtest-art/node_modules/art/shapes/ellipse.js","s":{"1":1,"2":1,"3":0,"4":0,"5":0,"6":0},"b":{},"f":{"1":0},"fnMap":{"1":{"name":"(anonymous_1)","line":3,"loc":{"start":{"line":3,"column":23},"end":{"line":3,"column":46}}}},"statementMap":{"1":{"start":{"line":1,"column":0},"end":{"line":1,"column":33}},"2":{"start":{"line":3,"column":0},"end":{"line":16,"column":3}},"3":{"start":{"line":5,"column":1},"end":{"line":5,"column":20}},"4":{"start":{"line":6,"column":1},"end":{"line":6,"column":22}},"5":{"start":{"line":8,"column":1},"end":{"line":8,"column":37}},"6":{"start":{"line":10,"column":1},"end":{"line":14,"column":11}}},"branchMap":{},"code":["var Shape = require('./generic');","","module.exports = Shape(function(width, height){","","\tthis.width = width;","\tthis.height = height;","","\tvar rx = width / 2, ry = height / 2;","","\tthis.path","\t\t.move(0, ry)","\t\t.arc(width, 0, rx, ry)","\t\t.arc(-width, 0, rx, ry)","\t\t.close();","","});"],"l":{"1":1,"3":1,"5":0,"6":0,"8":0,"10":0}},"/home/travis/build/npmtest/node-npmtest-art/node_modules/art/shapes/wedge.js":{"path":"/home/travis/build/npmtest/node-npmtest-art/node_modules/art/shapes/wedge.js","s":{"1":1,"2":1,"3":0,"4":0,"5":0,"6":0,"7":0,"8":0,"9":0,"10":0,"11":0,"12":0,"13":0,"14":0},"b":{"1":[0,0],"2":[0,0],"3":[0,0],"4":[0,0],"5":[0,0],"6":[0,0],"7":[0,0],"8":[0,0],"9":[0,0],"10":[0,0]},"f":{"1":0},"fnMap":{"1":{"name":"(anonymous_1)","line":3,"loc":{"start":{"line":3,"column":23},"end":{"line":3,"column":79}}}},"statementMap":{"1":{"start":{"line":1,"column":0},"end":{"line":1,"column":33}},"2":{"start":{"line":3,"column":0},"end":{"line":35,"column":3}},"3":{"start":{"line":5,"column":1},"end":{"line":11,"column":43}},"4":{"start":{"line":13,"column":1},"end":{"line":13,"column":35}},"5":{"start":{"line":14,"column":1},"end":{"line":14,"column":22}},"6":{"start":{"line":16,"column":1},"end":{"line":31,"column":2}},"7":{"start":{"line":18,"column":2},"end":{"line":18,"column":58}},"8":{"start":{"line":19,"column":2},"end":{"line":19,"column":85}},"9":{"start":{"line":19,"column":10},"end":{"line":19,"column":85}},"10":{"start":{"line":23,"column":2},"end":{"line":26,"column":23}},"11":{"start":{"line":28,"column":2},"end":{"line":28,"column":102}},"12":{"start":{"line":29,"column":2},"end":{"line":29,"column":60}},"13":{"start":{"line":29,"column":10},"end":{"line":29,"column":60}},"14":{"start":{"line":33,"column":1},"end":{"line":33,"column":14}}},"branchMap":{"1":{"line":7,"type":"binary-expr","locations":[{"start":{"line":7,"column":7},"end":{"line":7,"column":45}},{"start":{"line":7,"column":49},"end":{"line":7,"column":50}}]},"2":{"line":8,"type":"binary-expr","locations":[{"start":{"line":8,"column":7},"end":{"line":8,"column":43}},{"start":{"line":8,"column":47},"end":{"line":8,"column":48}}]},"3":{"line":9,"type":"binary-expr","locations":[{"start":{"line":9,"column":16},"end":{"line":9,"column":27}},{"start":{"line":9,"column":31},"end":{"line":9,"column":32}}]},"4":{"line":9,"type":"binary-expr","locations":[{"start":{"line":9,"column":34},"end":{"line":9,"column":45}},{"start":{"line":9,"column":49},"end":{"line":9,"column":50}}]},"5":{"line":10,"type":"binary-expr","locations":[{"start":{"line":10,"column":16},"end":{"line":10,"column":27}},{"start":{"line":10,"column":31},"end":{"line":10,"column":32}}]},"6":{"line":10,"type":"binary-expr","locations":[{"start":{"line":10,"column":34},"end":{"line":10,"column":45}},{"start":{"line":10,"column":49},"end":{"line":10,"column":50}}]},"7":{"line":11,"type":"cond-expr","locations":[{"start":{"line":11,"column":16},"end":{"line":11,"column":32}},{"start":{"line":11,"column":35},"end":{"line":11,"column":42}}]},"8":{"line":16,"type":"if","locations":[{"start":{"line":16,"column":1},"end":{"line":16,"column":1}},{"start":{"line":16,"column":1},"end":{"line":16,"column":1}}]},"9":{"line":19,"type":"if","locations":[{"start":{"line":19,"column":2},"end":{"line":19,"column":2}},{"start":{"line":19,"column":2},"end":{"line":19,"column":2}}]},"10":{"line":29,"type":"if","locations":[{"start":{"line":29,"column":2},"end":{"line":29,"column":2}},{"start":{"line":29,"column":2},"end":{"line":29,"column":2}}]}},"code":["var Shape = require('./generic');","","module.exports = Shape(function(innerRadius, outerRadius, startAngle, endAngle){","","\tvar circle = Math.PI * 2,","\t\tradiansPerDegree = Math.PI / 180,","\t\tsa = startAngle * radiansPerDegree % circle || 0,","\t\tea = endAngle * radiansPerDegree % circle || 0,","\t\tir = Math.min(innerRadius || 0, outerRadius || 0),","\t\tor = Math.max(innerRadius || 0, outerRadius || 0),","\t\ta = sa > ea ? circle - sa + ea : ea - sa;","","\tthis.width = this.height = or * 2;","\tvar path = this.path;","","\tif (a >= circle){","","\t\tpath.move(0, or).arc(or * 2, 0, or).arc(-or * 2, 0, or);","\t\tif (ir) path.move(or - ir, 0).counterArc(ir * 2, 0, ir).counterArc(-ir * 2, 0, ir);","","\t} else {","","\t\tvar ss = Math.sin(sa), es = Math.sin(ea),","\t\t\tsc = Math.cos(sa), ec = Math.cos(ea),","\t\t\tds = es - ss, dc = ec - sc, dr = ir - or,","\t\t\tlarge = a > Math.PI;","","\t\tpath.move(or + or * ss, or - or * sc).arc(or * ds, or * -dc, or, or, large).line(dr * es, dr * -ec);","\t\tif (ir) path.counterArc(ir * -ds, ir * dc, ir, ir, large);","","\t}","","\tpath.close();","","});"],"l":{"1":1,"3":1,"5":0,"13":0,"14":0,"16":0,"18":0,"19":0,"23":0,"28":0,"29":0,"33":0}},"/home/travis/build/npmtest/node-npmtest-art/node_modules/art/shapes/font.js":{"path":"/home/travis/build/npmtest/node-npmtest-art/node_modules/art/shapes/font.js","s":{"1":1,"2":1,"3":1,"4":0,"5":0,"6":1,"7":0,"8":0,"9":0,"10":0,"11":0,"12":0,"13":0,"14":0,"15":0,"16":0,"17":0,"18":0,"19":0,"20":0,"21":0,"22":0,"23":0,"24":0,"25":0,"26":0,"27":0,"28":0,"29":0,"30":0,"31":0,"32":0,"33":0,"34":0,"35":0,"36":0,"37":0,"38":0,"39":0,"40":0,"41":0,"42":0,"43":0,"44":0,"45":0,"46":0,"47":0,"48":0,"49":0,"50":0,"51":0,"52":0,"53":0,"54":0,"55":0,"56":0,"57":0,"58":0,"59":0,"60":0,"61":0,"62":0,"63":0,"64":0,"65":0,"66":0,"67":0,"68":0,"69":0,"70":0,"71":0,"72":0,"73":0,"74":0,"75":0,"76":0,"77":0,"78":0,"79":0,"80":0,"81":0,"82":0,"83":0,"84":0,"85":0,"86":0,"87":0,"88":0,"89":0,"90":1,"91":0,"92":0,"93":0,"94":1},"b":{"1":[0,0],"2":[0,0],"3":[0,0],"4":[0,0],"5":[0,0],"6":[0,0,0],"7":[0,0,0],"8":[0,0,0],"9":[0,0],"10":[0,0],"11":[0,0],"12":[0,0],"13":[0,0],"14":[0,0],"15":[0,0],"16":[0,0],"17":[0,0,0],"18":[0,0],"19":[0,0],"20":[0,0],"21":[0,0],"22":[0,0],"23":[0,0,0,0,0,0],"24":[0,0],"25":[0,0],"26":[0,0],"27":[0,0],"28":[0,0],"29":[0,0],"30":[0,0],"31":[0,0,0]},"f":{"1":0,"2":0,"3":0},"fnMap":{"1":{"name":"(anonymous_1)","line":5,"loc":{"start":{"line":5,"column":22},"end":{"line":5,"column":36}}},"2":{"name":"(anonymous_2)","line":16,"loc":{"start":{"line":16,"column":17},"end":{"line":16,"column":48}}},"3":{"name":"(anonymous_3)","line":127,"loc":{"start":{"line":127,"column":16},"end":{"line":127,"column":30}}}},"statementMap":{"1":{"start":{"line":1,"column":0},"end":{"line":1,"column":33}},"2":{"start":{"line":3,"column":0},"end":{"line":3,"column":15}},"3":{"start":{"line":5,"column":0},"end":{"line":14,"column":2}},"4":{"start":{"line":6,"column":1},"end":{"line":7,"column":31}},"5":{"start":{"line":8,"column":1},"end":{"line":13,"column":3}},"6":{"start":{"line":16,"column":0},"end":{"line":125,"column":3}},"7":{"start":{"line":17,"column":1},"end":{"line":17,"column":59}},"8":{"start":{"line":17,"column":30},"end":{"line":17,"column":59}},"9":{"start":{"line":18,"column":1},"end":{"line":18,"column":51}},"10":{"start":{"line":18,"column":11},"end":{"line":18,"column":28}},"11":{"start":{"line":18,"column":34},"end":{"line":18,"column":51}},"12":{"start":{"line":20,"column":1},"end":{"line":23,"column":69}},"13":{"start":{"line":25,"column":1},"end":{"line":25,"column":60}},"14":{"start":{"line":27,"column":1},"end":{"line":27,"column":70}},"15":{"start":{"line":27,"column":12},"end":{"line":27,"column":70}},"16":{"start":{"line":29,"column":1},"end":{"line":29,"column":46}},"17":{"start":{"line":30,"column":1},"end":{"line":30,"column":51}},"18":{"start":{"line":32,"column":1},"end":{"line":32,"column":79}},"19":{"start":{"line":34,"column":1},"end":{"line":34,"column":45}},"20":{"start":{"line":38,"column":1},"end":{"line":38,"column":36}},"21":{"start":{"line":39,"column":1},"end":{"line":117,"column":2}},"22":{"start":{"line":40,"column":2},"end":{"line":57,"column":3}},"23":{"start":{"line":41,"column":3},"end":{"line":44,"column":4}},"24":{"start":{"line":42,"column":4},"end":{"line":42,"column":12}},"25":{"start":{"line":43,"column":4},"end":{"line":43,"column":30}},"26":{"start":{"line":45,"column":3},"end":{"line":48,"column":4}},"27":{"start":{"line":46,"column":4},"end":{"line":46,"column":16}},"28":{"start":{"line":47,"column":4},"end":{"line":47,"column":34}},"29":{"start":{"line":49,"column":3},"end":{"line":49,"column":15}},"30":{"start":{"line":50,"column":3},"end":{"line":50,"column":37}},"31":{"start":{"line":51,"column":3},"end":{"line":51,"column":15}},"32":{"start":{"line":52,"column":3},"end":{"line":52,"column":12}},"33":{"start":{"line":53,"column":3},"end":{"line":53,"column":9}},"34":{"start":{"line":54,"column":3},"end":{"line":54,"column":19}},"35":{"start":{"line":55,"column":3},"end":{"line":55,"column":24}},"36":{"start":{"line":56,"column":3},"end":{"line":56,"column":12}},"37":{"start":{"line":58,"column":2},"end":{"line":58,"column":85}},"38":{"start":{"line":59,"column":2},"end":{"line":59,"column":23}},"39":{"start":{"line":59,"column":14},"end":{"line":59,"column":23}},"40":{"start":{"line":60,"column":2},"end":{"line":60,"column":38}},"41":{"start":{"line":61,"column":2},"end":{"line":114,"column":3}},"42":{"start":{"line":62,"column":3},"end":{"line":62,"column":17}},"43":{"start":{"line":64,"column":3},"end":{"line":80,"column":4}},"44":{"start":{"line":65,"column":4},"end":{"line":65,"column":27}},"45":{"start":{"line":67,"column":4},"end":{"line":69,"column":10}},"46":{"start":{"line":71,"column":4},"end":{"line":78,"column":5}},"47":{"start":{"line":72,"column":5},"end":{"line":72,"column":23}},"48":{"start":{"line":73,"column":5},"end":{"line":77,"column":6}},"49":{"start":{"line":74,"column":6},"end":{"line":74,"column":36}},"50":{"start":{"line":76,"column":6},"end":{"line":76,"column":29}},"51":{"start":{"line":79,"column":4},"end":{"line":79,"column":23}},"52":{"start":{"line":82,"column":3},"end":{"line":113,"column":4}},"53":{"start":{"line":83,"column":4},"end":{"line":83,"column":64}},"54":{"start":{"line":84,"column":4},"end":{"line":112,"column":5}},"55":{"start":{"line":86,"column":6},"end":{"line":86,"column":72}},"56":{"start":{"line":88,"column":6},"end":{"line":88,"column":26}},"57":{"start":{"line":88,"column":27},"end":{"line":88,"column":47}},"58":{"start":{"line":89,"column":6},"end":{"line":89,"column":12}},"59":{"start":{"line":91,"column":6},"end":{"line":91,"column":180}},"60":{"start":{"line":92,"column":6},"end":{"line":92,"column":26}},"61":{"start":{"line":92,"column":27},"end":{"line":92,"column":47}},"62":{"start":{"line":93,"column":6},"end":{"line":93,"column":12}},"63":{"start":{"line":95,"column":6},"end":{"line":95,"column":126}},"64":{"start":{"line":96,"column":6},"end":{"line":96,"column":23}},"65":{"start":{"line":96,"column":24},"end":{"line":96,"column":41}},"66":{"start":{"line":97,"column":6},"end":{"line":97,"column":12}},"67":{"start":{"line":99,"column":6},"end":{"line":99,"column":50}},"68":{"start":{"line":100,"column":6},"end":{"line":100,"column":23}},"69":{"start":{"line":100,"column":24},"end":{"line":100,"column":41}},"70":{"start":{"line":101,"column":6},"end":{"line":101,"column":12}},"71":{"start":{"line":103,"column":6},"end":{"line":103,"column":72}},"72":{"start":{"line":104,"column":6},"end":{"line":104,"column":31}},"73":{"start":{"line":105,"column":6},"end":{"line":105,"column":31}},"74":{"start":{"line":106,"column":6},"end":{"line":106,"column":12}},"75":{"start":{"line":108,"column":6},"end":{"line":108,"column":17}},"76":{"start":{"line":109,"column":6},"end":{"line":109,"column":14}},"77":{"start":{"line":110,"column":6},"end":{"line":110,"column":14}},"78":{"start":{"line":111,"column":6},"end":{"line":111,"column":12}},"79":{"star
[...]
(value);","\t\tif (dimension == 'x') return (bbox.left || 0) + (bbox.width || 0) * value;","\t\tif (dimension == 'y') return (bbox.top || 0) + (bbox.height || 0) * value;","\t},","","\tgetGradientStops: function(element, styles){","\t\tvar stops = null, node = element.firstChild;","\t\twhile (node){","\t\t\tif (node.nodeName == 'stop'){","\t\t\t\tvar stopStyles = this.parseStyles(node, styles);","\t\t\t\tvar color = this.parseColor(stopStyles['stop-color'] || 'black', stopStyles['stop-opacity'], stopStyles),","\t\t\t\t    offset = node.getAttribute('offset');","\t\t\t\tif (color && offset){","\t\t\t\t\toffset = /%/.test(offset) ? parseFloat(offset) / 100 : parseFloat(offset);","\t\t\t\t\tif (offset < 0) offset = 0;","\t\t\t\t\tif (offset > 1) offset = 1;","\t\t\t\t\tif (!stops) stops = {};","\t\t\t\t\tstops[offset.toFixed(4)] = color;","\t\t\t\t}","\t\t\t}","\t\t\tnode = node.nextSibling;","\t\t}","\t\treturn stops;","\t},","\t","\tradialGradientFill: function(element, styles, target, x, y){","\t\tthis.findLinkedAttributes(element, function(attrs){","\t\t\tif (!attrs.container) return;","\t\t\t","\t\t\tvar stops = this.getGradientStops(attrs.container, styles);","\t\t\tif (!stops) return;","\t\t\t","\t\t\t// TODO: Transform","\t\t\t","\t\t\tvar cx = attrs.cx || '50%',","\t\t\t    cy = attrs.cy || '50%',","\t\t\t    rx = attrs.r || '50%', ry,","\t\t\t    fx = attrs.fx || cx,","\t\t\t    fy = attrs.fy || cy;","\t\t\t","\t\t\tif (attrs['gradientUnits'] == 'userSpaceOnUse'){","\t\t\t\tcx = this.parseLength(cx, styles, 'x') - x;","\t\t\t\tcy = this.parseLength(cy, styles, 'y') - y;","\t\t\t\trx = ry = this.parseLength(rx, styles);","\t\t\t\tfx = this.parseLength(fx, styles, 'x') - x;","\t\t\t\tfy = this.parseLength(fy, styles, 'y') - y;","\t\t\t} else {","\t\t\t\tvar bb = this.getBBox(target);","\t\t\t\tcx = this.parseBBLength(cx, bb, 'x');","\t\t\t\tcy = this.parseBBLength(cy, bb, 'y');","\t\t\t\trx = this.parseBBLength(rx, bb, 'x');","\t\t\t\try = rx * (bb.height / bb.width);","\t\t\t\tfx = this.parseBBLength(fx, bb, 'x');","\t\t\t\tfy = this.parseBBLength(fy, bb, 'y');","\t\t\t}","\t\t\t","\t\t\ttarget.fillRadial(stops, fx, fy, rx, ry, cx, cy);","\t\t","\t\t});","\t},","","\tlinearGradientFill: function(element, styles, target, x, y){","\t\tthis.findLinkedAttributes(element, function(attrs){","\t\t\tif (!attrs.container) return;","","\t\t\tvar stops = this.getGradientStops(attrs.container, styles);","\t\t\tif (!stops) return;","","\t\t\tvar x1 = attrs.x1 || 0,","\t\t\t    y1 = attrs.y1 || 0,","\t\t\t    x2 = attrs.x2 || '100%',","\t\t\t    y2 = attrs.y2 || 0;","\t\t\t","\t\t\t// TODO: Transform","\t\t\t","\t\t\tif (attrs['gradientUnits'] == 'userSpaceOnUse'){","\t\t\t\tx1 = this.parseLength(x1, styles, 'x') - x;","\t\t\t\ty1 = this.parseLength(y1, styles, 'y') - y;","\t\t\t\tx2 = this.parseLength(x2, styles, 'x') - x;","\t\t\t\ty2 = this.parseLength(y2, styles, 'y') - y;","\t\t\t} else {","\t\t\t\tx1 = /%/.test(x1) ? parseFloat(x1) / 100 : parseFloat(x1);","\t\t\t\ty1 = /%/.test(y1) ? parseFloat(y1) / 100 : parseFloat(y1);","\t\t\t\tx2 = /%/.test(x2) ? parseFloat(x2) / 100 : parseFloat(x2);","\t\t\t\ty2 = /%/.test(y2) ? parseFloat(y2) / 100 : parseFloat(y2);","\t\t\t\t","\t\t\t\t// If both points are close to the opposite edges, use rotation angle instead","\t\t\t\tvar closeToEdge =","\t\t\t\t\t(x1 > -0.01 && x1 < 0.01 && x2 > 0.99 && x2 < 1.01) ||","\t\t\t\t\t(x1 > 0.99 && x1 < 1.01 && x2 > -0.01 && x2 < 0.01) ||","\t\t\t\t    (y1 > -0.01 && y1 < 0.01 && y2 > 0.99 && y2 < 1.01) ||","\t\t\t\t    (y1 > 0.99 && y1 < 1.01 && y2 > -0.01 && y2 < 0.01);","\t\t\t\t","\t\t\t\tif (closeToEdge){","\t\t\t\t\tvar angle = Math.atan2(y1 - y2, x2 - x1) * 180 / Math.PI;","\t\t\t\t\ttarget.fillLinear(stops, angle);","\t\t\t\t\treturn;","\t\t\t\t}","\t\t\t\t","\t\t\t\t// TODO: Always use rotation angle, but offset stops instead to adjust","\t\t\t\t// TODO2: Never use rotation angle because measuring is deprecated","\t\t\t\tvar bb = this.getBBox(target);","\t\t\t\tx1 = this.parseBBLength(x1, bb, 'x');","\t\t\t\ty1 = this.parseBBLength(y1, bb, 'y');","\t\t\t\tx2 = this.parseBBLength(x2, bb, 'x');","\t\t\t\ty2 = this.parseBBLength(y2, bb, 'y');","\t\t\t}","\t\t\ttarget.fillLinear(stops, x1, y1, x2, y2);","\t\t});","\t},","\t","\tpatternFill: function(element, styles, target, x, y){","\t\t// TODO: If the pattern is an image, fillImage","\t}","","});",""],"l":{"1":2,"3":0,"6":0,"8":0,"9":0,"10":0,"11":0,"12":0,"14":0,"15":0,"18":0,"19":0,"21":0,"22":0,"23":0,"24":0,"30":0,"31":0,"35":0,"36":0,"37":0,"41":0,"42":0,"43":0,"44":0,"45":0,"47":0,"48":0,"49":0,"50":0,"51":0,"52":0,"55":0,"57":0,"61":0,"62":0,"64":0,"65":0,"69":0,"75":0,"76":0,"77":0,"78":0,"79":0,"80":0,"82":0,"83":0,"84":0,"85":0,"86":0,"87":0,"88":0,"91":0,"97":0,"98":0,"100":0,"101":0,"103":0,"110":0,"111":0,"112":0,"113":0,"114":0,"116":0,"117":0,"118":0,"119":0,"122":0,"128":0,"129":0,"130":0,"131":0,"136":0,"137":0,"138":0,"139":0,"140":0,"142":0}},"/home/travis/build/npmtest/node-npmtest-art/node_modules/art/parsers/svg/shapes.js":{"path":"/home/travis/build/npmtest/node-npmtest-art/node_modules/art/parsers/svg/shapes.js","s":{"1":2,"2":0,"3":0,"4":0,"5":0,"6":0,"7":0,"8":0,"9":0,"10":0,"11":0,"12":0,"13":0,"14":0,"15":0,"16":0,"17":0,"18":0,"19":0,"20":0,"21":0,"22":0,"23":0,"24":0,"25":0,"26":0,"27":0,"28":0,"29":0,"30":0,"31":0,"32":0,"33":0,"34":0,"35":0,"36":0,"37":0,"38":0,"39":0,"40":0,"41":0,"42":0,"43":0,"44":0,"45":0},"b":{"1":[0,0],"2":[0,0],"3":[0,0],"4":[0,0],"5":[0,0],"6":[0,0,0],"7":[0,0],"8":[0,0],"9":[0,0],"10":[0,0],"11":[0,0],"12":[0,0],"13":[0,0],"14":[0,0],"15":[0,0]},"f":{"1":0,"2":0,"3":0,"4":0,"5":0,"6":0,"7":0,"8":0},"fnMap":{"1":{"name":"(anonymous_1)","line":7,"loc":{"start":{"line":7,"column":14},"end":{"line":7,"column":39}}},"2":{"name":"(anonymous_2)","line":38,"loc":{"start":{"line":38,"column":16},"end":{"line":38,"column":41}}},"3":{"name":"(anonymous_3)","line":48,"loc":{"start":{"line":48,"column":17},"end":{"line":48,"column":42}}},"4":{"name":"(anonymous_4)","line":59,"loc":{"start":{"line":59,"column":14},"end":{"line":59,"column":39}}},"5":{"name":"(anonymous_5)","line":70,"loc":{"start":{"line":70,"column":16},"end":{"line":70,"column":32}}},"6":{"name":"(anonymous_6)","line":74,"loc":{"start":{"line":74,"column":57},"end":{"line":74,"column":72}}},"7":{"name":"(anonymous_7)","line":80,"loc":{"start":{"line":80,"column":17},"end":{"line":80,"column":42}}},"8":{"name":"(anonymous_8)","line":87,"loc":{"start":{"line":87,"column":18},"end":{"line":87,"column":43}}}},"statementMap":{"1":{"start":{"line":1,"column":0},"end":{"line":1,"column":34}},"2":{"start":{"line":2,"column":0},"end":{"line":2,"column":50}},"3":{"start":{"line":3,"column":0},"end":{"line":3,"column":46}},"4":{"start":{"line":5,"column":0},"end":{"line":94,"column":3}},"5":{"start":{"line":8,"column":2},"end":{"line":14,"column":12}},"6":{"start":{"line":15,"column":2},"end":{"line":15,"column":28}},"7":{"start":{"line":15,"column":16},"end":{"line":15,"column":28}},"8":{"start":{"line":16,"column":2},"end":{"line":16,"column":29}},"9":{"start":{"line":16,"column":18},"end":{"line":16,"column":29}},"10":{"start":{"line":17,"column":2},"end":{"line":17,"column":29}},"11":{"start":{"line":17,"column":18},"end":{"line":17,"column":29}},"12":{"start":{"line":18,"column":2},"end":{"line":33,"column":3}},"13":{"start":{"line":19,"column":3},"end":{"line":30,"column":5}},"14":{"start":{"line":32,"column":3},"end":{"line":32,"column":41}},"15":{"start":{"line":34,"column":2},"end":{"line":34,"column":43}},"16":{"start":{"line":35,"column":2},"end":{"line":35,"column":15}},"17":{"start":{"line":39,"column":2},"end":{"line":42,"column":40}},"18":{"start":{"line":43,"column":2},"end":{"line":43,"column":26}},"19":{"start":{"line":43,"column":14},"end":{"line":43,"column":26}},"20":{"start":{"line":44,"column":2},"end":{"line":44,"column":51}},"21":{"start":{"line":45,"column":2},"end":{"line":45,"column":15}},"22":{"start":{"line":49,"column":2},"end":{"line":53,"column":76}},"23":{"start":{"line":54,"column":2},"end":{"line":54,"column":38}},"24":{"start":{"line":54,"column":26},"end":{"line":54,"column":38}},"25":{"start":{"line":55,"column":2},"end":{"line":55,"column":53}},"26":{"start":{"line":56,"column":2},"end":{"line":56,"column":15}},"27":{"start":{"line":60,"column":2},"end":{"line":64,"column":86}},"28":{"start":{"line":65,"column":2},"end":{"line":65,"column":40}},"29":{"start":{"line":65,"column":28},"end":{"line":65,"column":40}},"30":{"start":{"line":66,"column":2},"end":{"line":66,"column":37}},"31":{"start":{"line":67,"column":2},"end":{"line":67,"column":15}},"32":{"start":{"line":71,"column":2},"end":{"line":71,"column":43}},"33":{"start":{"line":71,"column":15},"end":{"line":71,"column":43}},"34":{"start":{"line":72,"column":2},"end":{"line":73,"column":19}},"35":{"start":{"line":74,"column":2},"end":{"line":77,"column":6}},"36":{"start":{"line":75,"column":3},"end":{"line":75,"column":51}},"37":{"start":{"line":75,"column":15},"end":{"line":75,"column":29}},"38":{"start":{"line":75,"column":30},"end":{"line":75,"column":49}},"39":{"start":{"line":76,"column":3},"end":{"line":76,"column":22}},"40":{"start":{"line":81,"column":2},"end":{"line":82,"column":45}},"41":{"start":{"line":83,"column":2},"end":{"line":83,"column":37}},"42":{"start":{"line":84,"column":2},"end":{"line":84,"column":15}},"43":{"start":{"line":88,"column":2},"end":{"line":89,"column":37}},"44":{"start":{"line":90,"column":2},"end":{"line":90,"column":37}},"45":{"start":{"line":91,"column":2},"end":{"line":91,"column":15}}},"branchMap":{"1":{"line":15,"type":"if","locations":[{"start":{"line":15,"column":2},"end":{"line":15,"column":2}},{"start":{"line":15,"column":2},"end":{"line":15,"column":2}}]},"2":{"line":15,"type":"binary-expr","locations":[{"start":{"line":15,"column":6},"end":{"line":15,"column":8}},{"start":{"line":15,"column":12},"end":{"line":15,"column":14}}]},"3":{"line":16,"type":"if","locations":[{"start":{"line":16,"column":2},"end":{"line":16,"column":2}},{"start":{"line":16,"column":2},"end":{"line":16,"column":2}}]},"4":{"line":17,"type":"if","locations":[{"start":{"line":17,"column":2},"end":{"line":17,"column":2}},{"start":{"line":17,"column":2},"end":{"line":17,"column":2}}]},"5":{"line":18,"type":"if","locations":[{"start":{"line":18,"column":2},"end":{"line":18,"column":2}},{"start":{"line":18,"column":2},"end":{"line":18,"column":2}}]},"6":{"line":18,"type":"binary-expr","locations":[{"start":{"line":18,"column":6},"end":{"line":18,"column":8}},{"start":{"line":18,"column":12},"end":{"line":18,"column":14}},{"start":{"line":18,"column":18},"end":{"line":18,"column":26}}]},"7":{"line":32,"type":"binary-expr","locations":[{"start":{"line":32,"column":31},"end":{"line":32,"column":33}},{"start":{"line":32,"column":37},"end":{"line":32,"column":39}}]},"8":{"line":43,"type":"if","locations":[{"start":{"line":43,"column":2},"end":{"line":43,"column":2}},{"start":{"line":43,"column":2},"end":{"line":43,"column":2}}]},"9":{"line":53,"type":"cond-expr","locations":[{"start":{"line":53,"column":24},"end":{"line":53,"column":51}},{"start":{"line":53,"column":54},"end":{"line":53,"column":75}}]},"10":{"line":54,"type":"if","locations":[{"start":{"line":54,"column":2},"end":{"line":54,"column":2}},{"start":{"line":54,"column":2},"end":{"line":54,"column":2}}]},"11":{"line":54,"type":"binary-expr","locations":[{"start":{"line":54,"column":6},"end":{"line":54,"column":13}},{"start":{"line":54,"column":17},"end":{"line":54,"column":24}}]},"12":{"line":65,"type":"if","locations":[{"start":{"line":65,"column":2},"end":{"line":65,"column":2}},{"start":{"line":65,"column":2},"end":{"line":65,"column":2}}]},"13":{"line":65,"type":"binary-expr","locations":[{"start":{"line":65,"column":6},"end":{"line":65,"column":14}},{"start":{"line":65,"column":18},"end":{"line":65,"column":26}}]},"14":{"line":71,"type":"if","locations":[{"start":{"line":71,"column":2},"end":{"line":71,"column":2}},{"start":{"line":71,"column":2},"end":{"line":71,"column":2}}]},"15":{"line":75,"type":"if","locations":[{"start":{"line":75,"column":3},"end":{"line":75,"column":3}},{"start":{"line":75,"column":3},"end":{"line":75,"column":3}}]}},"code":["var SVGParser = require('./core');","var Rectangle = require('../../shapes/rectangle');","var Ellipse = require('../../shapes/ellipse');","","SVGParser.implement({","\t","\trectElement: function(element, styles){","\t\tvar x = this.getLengthAttribute(element, styles, 'x', 'x'),","\t\t    y = this.getLengthAttribute(element, styles, 'y', 'y'),","\t\t    w = +this.getLengthAttribute(element, styles, 'width', 'x'),","\t\t    h = +this.getLengthAttribute(element, styles, 'height', 'y'),","\t\t    rx = this.getLengthAttribute(element, styles, 'rx', 'x'),","\t\t    ry = this.getLengthAttribute(element, styles, 'ry', 'y'),","\t\t    shape;","\t\tif (!w || !h) return null;","\t\tif (rx > w / 2) rx = w / 2;","\t\tif (ry > h / 2) ry = h / 2; ","\t\tif (rx && ry && rx != ry){","\t\t\tshape = new this.MODE.Shape(","\t\t\t\tnew this.MODE.Path()","\t\t\t\t.move(0, ry)","\t\t\t\t.arc(rx, -ry)","\t\t\t\t.line(w - rx - rx, 0)","\t\t\t\t.arc(rx, ry)","\t\t\t\t.line(0, h - ry - ry)","\t\t\t\t.arc(-rx, ry)","\t\t\t\t.line(-w + rx + rx, 0)","\t\t\t\t.arc(-rx, -ry)","\t\t\t\t.line(0, -h + ry + ry)","\t\t\t);","\t\t} else {","\t\t\tshape = new Rectangle(w, h, rx || ry);","\t\t}","\t\tthis.shape(element, styles, shape, x, y);","\t\treturn shape;","\t},","","\tcircleElement: function(element, styles){","\t\tvar x = this.getLengthAttribute(element, styles, 'cx', 'x'),","\t\t    y = this.getLengthAttribute(element, styles, 'cy', 'y'),","\t\t    r = this.getLengthAttribute(element, styles, 'r'),","\t\t    shape = new Ellipse(r * 2, r * 2);","\t\tif (r == 0) return null;","\t\tthis.shape(element, styles, shape, x - r, y - r);","\t\treturn shape;","\t},","\t","\tellipseElement: function(element, styles){","\t\tvar x = this.getLengthAttribute(element, styles, 'cx', 'x'),","\t\t    y = this.getLengthAttribute(element, styles, 'cy', 'y'),","\t\t    rx = this.getLengthAttribute(element, styles, 'rx', 'x'),","\t\t    ry = this.getLengthAttribute(element, styles, 'ry', 'y'),","\t\t    shape = ry != 0 ? new Ellipse(rx * 2, ry * 2) : new this.MODE.Shape();","\t\tif (rx == 0 || ry == 0) return null;","\t\tthis.shape(element, styles, shape, x - rx, y - ry);","\t\treturn shape;","\t},","\t","\tlineElement: function(element, styles){","\t\tvar x1 = this.getLengthAttribute(element, styles, 'x1', 'x'),","\t\t    y1 = this.getLengthAttribute(element, styles, 'y1', 'y'),","\t\t    x2 = this.getLengthAttribute(element, styles, 'x2', 'x'),","\t\t    y2 = this.getLengthAttribute(element, styles, 'y2', 'y'),","\t\t    shape = new this.MODE.Shape(new this.MODE.Path().moveTo(x1, y1).lineTo(x2, y2));","\t\tif (x1 == x2 && y1 == y2) return null;","\t\tthis.shape(element, styles, shape);","\t\treturn shape;","\t},","\t","\tparsePolypath: function(points){","\t\tif (!points) return new this.MODE.Path();","\t\tvar pointMatcher = /([\\-+]?(?:[\\d\\.]e[\\-+]?|[^\\s\\-+,a-z])+)[\\s\\,]+([\\-+]?(?:[\\d\\.]e[\\-+]?|[^\\s\\-+,a-z])+)/ig,","\t\t    first = true;","\t\treturn new this.MODE.Path(points.replace(pointMatcher, function(match){","\t\t\tif (first){ first = false; return 'M' + match; }","\t\t\treturn 'L' + match;","\t\t}));","\t},","","\tpolygonElement: function(element, styles){","\t\tvar path = this.parsePolypath(element.getAttribute('points')),","\t\t\tshape = new this.MODE.Shape(path.close());","\t\tthis.shape(element, styles, shape);","\t\treturn shape;","\t},","","\tpolylineElement: function(element, styles){","\t\tvar path = this.parsePolypath(element.getAttribute('points')),","\t\t\tshape = new this.MODE.Shape(path);","\t\tthis.shape(element, styles, shape);","\t\treturn shape;","\t}","","});"],"l":{"1":2,"2":0,"3":0,"5":0,"8":0,"15":0,"16":0,"17":0,"18":0,"19":0,"32":0,"34":0,"35":0,"39":0,"43":0,"44":0,"45":0,"49":0,"54":0,"55":0,"56":0,"60":0,"65":0,"66":0,"67":0,"71":0,"72":0,"74":0,"75":0,"76":0,"81":0,"83":0,"84":0,"88":0,"90":0,"91":0}},"/home/travis/build/npmtest/node-npmtest-art/node_modules/art/parsers/svg/styles.js":{"path":"/home/travis/build/npmtest/node-npmtest-art/node_modules/art/parsers/svg/styles.js","s":{"1":2,"2":0,"3":0,"4":0,"5":0,"6":0,"7":0,"8":0,"9":0,"10":0,"11":0,"12":0,"13":0,"14":0,"15":0,"16":0,"17":0,"18":0,"19":0,"20":0},"b":{"1":[0,0],"2":[0,0],"3":[0,0],"4":[0,0]},"f":{"1":0,"2":0},"fnMap":{"1":{"name":"(anonymous_1)","line":9,"loc":{"start":{"line":9,"column":14},"end":{"line":9,"column":39}}},"2":{"name":"(anonymous_2)","line":18,"loc":{"start":{"line":18,"column":10},"end":{"line":18,"column":28}}}},"statementMap":{"1":{"start":{"line":1,"column":0},"end":{"line":1,"column":34}},"2":{"start":{"line":2,"column":0},"end":{"line":2,"column":58}},"3":{"start":{"line":3,"column":0},"end":{"line":3,"column":67}},"4":{"start":{"line":5,"column":0},"end":{"line":5,"column":50}},"5":{"start":{"line":7,"column":0},"end":{"line":32,"column":3}},"6":{"start":{"line":10,"column":2},"end":{"line":10,"column":66}},"7":{"start":{"line":11,"column":2},"end":{"line":13,"column":23}},"8":{"start":{"line":12,"column":3},"end":{"line":13,"column":23}},"9":{"start":{"line":13,"column":4},"end":{"line":13,"column":23}},"10":{"start":{"line":14,"column":2},"end":{"line":14,"column":85}},"11":{"start":{"line":14,"column":37},"end":{"line":14,"column":85}},"12":{"start":{"line":15,"column":2},"end":{"line":15,"column":42}},"13":{"start":{"line":19,"column":2},"end":{"line":29,"column":3}},"14":{"start":{"line":20,"column":3},"end":{"line":20,"column":31}},"15":{"start":{"line":21,"column":3},"end":{"line":21,"column":43}},"16":{"start":{"line":22,"column":3},"end":{"line":22,"column":48}},"17":{"start":{"line":23,"column":3},"end":{"line":25,"column":4}},"18":{"start":{"line":24,"column":4},"end":{"line":24,"column":28}},"19":{"start":{"line":26,"column":3},"end":{"line":26,"column":14}},"20":{"start":{"line":28,"column":3},"end":{"line":28,"column":19}}},"branchMap":{"1":{"line":12,"type":"if","locations":[{"start":{"line":12,"column":3},"end":{"line":12,"column":3}},{"start":{"line":12,"column":3},"end":{"line":12,"column":3}}]},"2":{"line":12,"type":"binary-expr","locations":[{"start":{"line":12,"column":7},"end":{"line":12,"column":33}},{"start":{"line":12,"column":37},"end":{"line":12,"column":61}}]},"3":{"line":14,"type":"if","locations":[{"start":{"line":14,"column":2},"end":{"line":14,"column":2}},{"start":{"line":14,"column":2},"end":{"line":14,"column":2}}]},"4":{"line":19,"type":"if","locations":[{"start":{"line":19,"column":2},"end":{"line":19,"column":2}},{"start":{"line":19,"column":2},"end":{"line":19,"column":2}}]}},"code":["var SVGParser = require('./core');","var Slick = require('../../lib/slick/Source/slick').Slick;","var SheetCascade = require('../../lib/Sheet.Cascade').SheetCascade;","","var applyStyles = SVGParser.prototype.applyStyles;","","SVGParser.implement({","","\tapplyStyles: function(element, target){","\t\tthis.findCSS(element.ownerDocument).applyStyle(element, target);","\t\tfor (var key in target)","\t\t\tif (target.hasOwnProperty(key) && target[key] == 'inherit')","\t\t\t\tdelete target[key];","\t\tif (target.hasOwnProperty('fill')) target['fill_document'] = element.ownerDocument;","\t\tapplyStyles.call(this, element, target);","\t},","\t","\tfindCSS: function(document){","\t\tif (this.cssDocument != document){","\t\t\tthis.cssDocument = document;","\t\t\tvar css = this.css = new SheetCascade();","\t\t\tvar sheets = Slick.search(document, 'style');","\t\t\tfor (var i = 0, l = sheets.length; i < l; i++){","\t\t\t\tcss.addSheet(sheets[i]);","\t\t\t}","\t\t\treturn css;","\t\t} else {","\t\t\treturn this.css;","\t\t}","\t}","","});",""],"l":{"1":2,"2":0,"3":0,"5":0,"7":0,"10":0,"11":0,"12":0,"13":0,"14":0,"15":0,"19":0,"20":0,"21":0,"22":0,"23":0,"24":0,"26":0,"28":0}}}